Compiling the C compiler identification source file "CMakeCCompilerId.c" failed.
Compiler:  
Build flags: 
Id flags:  

The output was:
1
Microsoft (R) Build Engine version 17.1.0+ae57d105c for .NET Framework
Copyright (C) Microsoft Corporation. All rights reserved.

Build started 4/4/2022 1:14:30 PM.
Project "C:\Users\seba2\source\repos\Proyecto II\build\CMakeFiles\3.23.0\CompilerIdC\CompilerIdC.vcxproj" on node 1 (default targets).
PrepareForBuild:
  Creating directory "Debug\".
  Creating directory "Debug\CompilerIdC.tlog\".
InitializeBuildStatus:
  Creating "Debug\CompilerIdC.tlog\unsuccessfulbuild" because "AlwaysCreate" was specified.
VcpkgTripletSelection:
  Using triplet "x64-windows" from "C:\Users\seba2\vcpkg\installed\x64-windows\"
ClCompile:
  C:\Program Files\Microsoft Visual Studio\2022\Community\VC\Tools\MSVC\14.31.31103\bin\HostX64\x64\CL.exe /c /I"C:\Users\seba2\vcpkg\installed\x64-windows\include" /nologo /W0 /WX- /diagnostics:column /Od /D _MBCS /Gm- /EHsc /RTC1 /MDd /GS /fp:precise /Zc:wchar_t /Zc:forScope /Zc:inline /Fo"Debug\\" /Fd"Debug\vc143.pdb" /external:W0 /Gd /TC /FC /errorReport:queue CMakeCCompilerId.c
  CMakeCCompilerId.c
Link:
  C:\Program Files\Microsoft Visual Studio\2022\Community\VC\Tools\MSVC\14.31.31103\bin\HostX64\x64\link.exe /ERRORREPORT:QUEUE /OUT:".\CompilerIdC.exe" /INCREMENTAL:NO /NOLOGO /LIBPATH:"C:\Users\seba2\vcpkg\installed\x64-windows\debug\lib" /LIBPATH:"C:\Users\seba2\vcpkg\installed\x64-windows\debug\lib\manual-link" kernel32.lib user32.lib gdi32.lib winspool.lib comdlg32.lib advapi32.lib shell32.lib ole32.lib oleaut32.lib uuid.lib odbc32.lib odbccp32.lib "C:\Users\seba2\vcpkg\installed\x64-windows\debug\lib\*.lib" /MANIFEST /MANIFESTUAC:"level='asInvoker' uiAccess='false'" /manifest:embed /PDB:".\CompilerIdC.pdb" /SUBSYSTEM:CONSOLE /TLBID:1 /DYNAMICBASE /NXCOMPAT /IMPLIB:".\CompilerIdC.lib" /MACHINE:X64 Debug\CMakeCCompilerId.obj
LINK : fatal error LNK1104: cannot open file 'ucrtd.lib' [C:\Users\seba2\source\repos\Proyecto II\build\CMakeFiles\3.23.0\CompilerIdC\CompilerIdC.vcxproj]
Done Building Project "C:\Users\seba2\source\repos\Proyecto II\build\CMakeFiles\3.23.0\CompilerIdC\CompilerIdC.vcxproj" (default targets) -- FAILED.

Build FAILED.

"C:\Users\seba2\source\repos\Proyecto II\build\CMakeFiles\3.23.0\CompilerIdC\CompilerIdC.vcxproj" (default target) (1) ->
(Link target) -> 
  LINK : fatal error LNK1104: cannot open file 'ucrtd.lib' [C:\Users\seba2\source\repos\Proyecto II\build\CMakeFiles\3.23.0\CompilerIdC\CompilerIdC.vcxproj]

    0 Warning(s)
    1 Error(s)

Time Elapsed 00:00:00.89


Compiling the C compiler identification source file "CMakeCCompilerId.c" failed.
Compiler:  
Build flags: 
Id flags:  

The output was:
1
Microsoft (R) Build Engine version 17.1.0+ae57d105c for .NET Framework
Copyright (C) Microsoft Corporation. All rights reserved.

Build started 4/4/2022 1:14:31 PM.
Project "C:\Users\seba2\source\repos\Proyecto II\build\CMakeFiles\3.23.0\CompilerIdC\CompilerIdC.vcxproj" on node 1 (default targets).
PrepareForBuild:
  Creating directory "Debug\".
  Creating directory "Debug\CompilerIdC.tlog\".
InitializeBuildStatus:
  Creating "Debug\CompilerIdC.tlog\unsuccessfulbuild" because "AlwaysCreate" was specified.
VcpkgTripletSelection:
  Using triplet "x64-windows" from "C:\Users\seba2\vcpkg\installed\x64-windows\"
ClCompile:
  C:\Program Files\Microsoft Visual Studio\2022\Community\VC\Tools\MSVC\14.31.31103\bin\HostX64\x64\CL.exe /c /I"C:\Users\seba2\vcpkg\installed\x64-windows\include" /nologo /W0 /WX- /diagnostics:column /Od /D _MBCS /Gm- /EHsc /RTC1 /MDd /GS /fp:precise /Zc:wchar_t /Zc:forScope /Zc:inline /Fo"Debug\\" /Fd"Debug\vc143.pdb" /external:W0 /Gd /TC /FC /errorReport:queue CMakeCCompilerId.c
  CMakeCCompilerId.c
Link:
  C:\Program Files\Microsoft Visual Studio\2022\Community\VC\Tools\MSVC\14.31.31103\bin\HostX64\x64\link.exe /ERRORREPORT:QUEUE /OUT:".\CompilerIdC.exe" /INCREMENTAL:NO /NOLOGO /LIBPATH:"C:\Users\seba2\vcpkg\installed\x64-windows\debug\lib" /LIBPATH:"C:\Users\seba2\vcpkg\installed\x64-windows\debug\lib\manual-link" kernel32.lib user32.lib gdi32.lib winspool.lib comdlg32.lib advapi32.lib shell32.lib ole32.lib oleaut32.lib uuid.lib odbc32.lib odbccp32.lib "C:\Users\seba2\vcpkg\installed\x64-windows\debug\lib\*.lib" /MANIFEST /MANIFESTUAC:"level='asInvoker' uiAccess='false'" /manifest:embed /PDB:".\CompilerIdC.pdb" /SUBSYSTEM:CONSOLE /TLBID:1 /DYNAMICBASE /NXCOMPAT /IMPLIB:".\CompilerIdC.lib" /MACHINE:X64 Debug\CMakeCCompilerId.obj
LINK : fatal error LNK1104: cannot open file 'ucrtd.lib' [C:\Users\seba2\source\repos\Proyecto II\build\CMakeFiles\3.23.0\CompilerIdC\CompilerIdC.vcxproj]
Done Building Project "C:\Users\seba2\source\repos\Proyecto II\build\CMakeFiles\3.23.0\CompilerIdC\CompilerIdC.vcxproj" (default targets) -- FAILED.

Build FAILED.

"C:\Users\seba2\source\repos\Proyecto II\build\CMakeFiles\3.23.0\CompilerIdC\CompilerIdC.vcxproj" (default target) (1) ->
(Link target) -> 
  LINK : fatal error LNK1104: cannot open file 'ucrtd.lib' [C:\Users\seba2\source\repos\Proyecto II\build\CMakeFiles\3.23.0\CompilerIdC\CompilerIdC.vcxproj]

    0 Warning(s)
    1 Error(s)

Time Elapsed 00:00:00.61


Compiling the CXX compiler identification source file "CMakeCXXCompilerId.cpp" failed.
Compiler:  
Build flags: 
Id flags:  

The output was:
1
Microsoft (R) Build Engine version 17.1.0+ae57d105c for .NET Framework
Copyright (C) Microsoft Corporation. All rights reserved.

Build started 4/4/2022 1:14:32 PM.
Project "C:\Users\seba2\source\repos\Proyecto II\build\CMakeFiles\3.23.0\CompilerIdCXX\CompilerIdCXX.vcxproj" on node 1 (default targets).
PrepareForBuild:
  Creating directory "Debug\".
  Creating directory "Debug\CompilerIdCXX.tlog\".
InitializeBuildStatus:
  Creating "Debug\CompilerIdCXX.tlog\unsuccessfulbuild" because "AlwaysCreate" was specified.
VcpkgTripletSelection:
  Using triplet "x64-windows" from "C:\Users\seba2\vcpkg\installed\x64-windows\"
ClCompile:
  C:\Program Files\Microsoft Visual Studio\2022\Community\VC\Tools\MSVC\14.31.31103\bin\HostX64\x64\CL.exe /c /I"C:\Users\seba2\vcpkg\installed\x64-windows\include" /nologo /W0 /WX- /diagnostics:column /Od /D _MBCS /Gm- /EHsc /RTC1 /MDd /GS /fp:precise /Zc:wchar_t /Zc:forScope /Zc:inline /Fo"Debug\\" /Fd"Debug\vc143.pdb" /external:W0 /Gd /TP /FC /errorReport:queue CMakeCXXCompilerId.cpp
  CMakeCXXCompilerId.cpp
Link:
  C:\Program Files\Microsoft Visual Studio\2022\Community\VC\Tools\MSVC\14.31.31103\bin\HostX64\x64\link.exe /ERRORREPORT:QUEUE /OUT:".\CompilerIdCXX.exe" /INCREMENTAL:NO /NOLOGO /LIBPATH:"C:\Users\seba2\vcpkg\installed\x64-windows\debug\lib" /LIBPATH:"C:\Users\seba2\vcpkg\installed\x64-windows\debug\lib\manual-link" kernel32.lib user32.lib gdi32.lib winspool.lib comdlg32.lib advapi32.lib shell32.lib ole32.lib oleaut32.lib uuid.lib odbc32.lib odbccp32.lib "C:\Users\seba2\vcpkg\installed\x64-windows\debug\lib\*.lib" /MANIFEST /MANIFESTUAC:"level='asInvoker' uiAccess='false'" /manifest:embed /PDB:".\CompilerIdCXX.pdb" /SUBSYSTEM:CONSOLE /TLBID:1 /DYNAMICBASE /NXCOMPAT /IMPLIB:".\CompilerIdCXX.lib" /MACHINE:X64 Debug\CMakeCXXCompilerId.obj
LINK : fatal error LNK1104: cannot open file 'ucrtd.lib' [C:\Users\seba2\source\repos\Proyecto II\build\CMakeFiles\3.23.0\CompilerIdCXX\CompilerIdCXX.vcxproj]
Done Building Project "C:\Users\seba2\source\repos\Proyecto II\build\CMakeFiles\3.23.0\CompilerIdCXX\CompilerIdCXX.vcxproj" (default targets) -- FAILED.

Build FAILED.

"C:\Users\seba2\source\repos\Proyecto II\build\CMakeFiles\3.23.0\CompilerIdCXX\CompilerIdCXX.vcxproj" (default target) (1) ->
(Link target) -> 
  LINK : fatal error LNK1104: cannot open file 'ucrtd.lib' [C:\Users\seba2\source\repos\Proyecto II\build\CMakeFiles\3.23.0\CompilerIdCXX\CompilerIdCXX.vcxproj]

    0 Warning(s)
    1 Error(s)

Time Elapsed 00:00:00.66


Compiling the CXX compiler identification source file "CMakeCXXCompilerId.cpp" failed.
Compiler:  
Build flags: 
Id flags:  

The output was:
1
Microsoft (R) Build Engine version 17.1.0+ae57d105c for .NET Framework
Copyright (C) Microsoft Corporation. All rights reserved.

Build started 4/4/2022 1:14:33 PM.
Project "C:\Users\seba2\source\repos\Proyecto II\build\CMakeFiles\3.23.0\CompilerIdCXX\CompilerIdCXX.vcxproj" on node 1 (default targets).
PrepareForBuild:
  Creating directory "Debug\".
  Creating directory "Debug\CompilerIdCXX.tlog\".
InitializeBuildStatus:
  Creating "Debug\CompilerIdCXX.tlog\unsuccessfulbuild" because "AlwaysCreate" was specified.
VcpkgTripletSelection:
  Using triplet "x64-windows" from "C:\Users\seba2\vcpkg\installed\x64-windows\"
ClCompile:
  C:\Program Files\Microsoft Visual Studio\2022\Community\VC\Tools\MSVC\14.31.31103\bin\HostX64\x64\CL.exe /c /I"C:\Users\seba2\vcpkg\installed\x64-windows\include" /nologo /W0 /WX- /diagnostics:column /Od /D _MBCS /Gm- /EHsc /RTC1 /MDd /GS /fp:precise /Zc:wchar_t /Zc:forScope /Zc:inline /Fo"Debug\\" /Fd"Debug\vc143.pdb" /external:W0 /Gd /TP /FC /errorReport:queue CMakeCXXCompilerId.cpp
  CMakeCXXCompilerId.cpp
Link:
  C:\Program Files\Microsoft Visual Studio\2022\Community\VC\Tools\MSVC\14.31.31103\bin\HostX64\x64\link.exe /ERRORREPORT:QUEUE /OUT:".\CompilerIdCXX.exe" /INCREMENTAL:NO /NOLOGO /LIBPATH:"C:\Users\seba2\vcpkg\installed\x64-windows\debug\lib" /LIBPATH:"C:\Users\seba2\vcpkg\installed\x64-windows\debug\lib\manual-link" kernel32.lib user32.lib gdi32.lib winspool.lib comdlg32.lib advapi32.lib shell32.lib ole32.lib oleaut32.lib uuid.lib odbc32.lib odbccp32.lib "C:\Users\seba2\vcpkg\installed\x64-windows\debug\lib\*.lib" /MANIFEST /MANIFESTUAC:"level='asInvoker' uiAccess='false'" /manifest:embed /PDB:".\CompilerIdCXX.pdb" /SUBSYSTEM:CONSOLE /TLBID:1 /DYNAMICBASE /NXCOMPAT /IMPLIB:".\CompilerIdCXX.lib" /MACHINE:X64 Debug\CMakeCXXCompilerId.obj
LINK : fatal error LNK1104: cannot open file 'ucrtd.lib' [C:\Users\seba2\source\repos\Proyecto II\build\CMakeFiles\3.23.0\CompilerIdCXX\CompilerIdCXX.vcxproj]
Done Building Project "C:\Users\seba2\source\repos\Proyecto II\build\CMakeFiles\3.23.0\CompilerIdCXX\CompilerIdCXX.vcxproj" (default targets) -- FAILED.

Build FAILED.

"C:\Users\seba2\source\repos\Proyecto II\build\CMakeFiles\3.23.0\CompilerIdCXX\CompilerIdCXX.vcxproj" (default target) (1) ->
(Link target) -> 
  LINK : fatal error LNK1104: cannot open file 'ucrtd.lib' [C:\Users\seba2\source\repos\Proyecto II\build\CMakeFiles\3.23.0\CompilerIdCXX\CompilerIdCXX.vcxproj]

    0 Warning(s)
    1 Error(s)

Time Elapsed 00:00:00.65


Compiling the C compiler identification source file "CMakeCCompilerId.c" failed.
Compiler:  
Build flags: 
Id flags:  

The output was:
1
Microsoft (R) Build Engine version 17.1.0+ae57d105c for .NET Framework
Copyright (C) Microsoft Corporation. All rights reserved.

Build started 4/4/2022 1:20:17 PM.
Project "C:\Users\seba2\source\repos\Proyecto II\build\CMakeFiles\3.23.0\CompilerIdC\CompilerIdC.vcxproj" on node 1 (default targets).
PrepareForBuild:
  Creating directory "Debug\".
  Creating directory "Debug\CompilerIdC.tlog\".
InitializeBuildStatus:
  Creating "Debug\CompilerIdC.tlog\unsuccessfulbuild" because "AlwaysCreate" was specified.
VcpkgTripletSelection:
  Using triplet "x64-windows" from "C:\Users\seba2\vcpkg\installed\x64-windows\"
ClCompile:
  C:\Program Files\Microsoft Visual Studio\2022\Community\VC\Tools\MSVC\14.31.31103\bin\HostX64\x64\CL.exe /c /I"C:\Users\seba2\vcpkg\installed\x64-windows\include" /nologo /W0 /WX- /diagnostics:column /Od /D _MBCS /Gm- /EHsc /RTC1 /MDd /GS /fp:precise /Zc:wchar_t /Zc:forScope /Zc:inline /Fo"Debug\\" /Fd"Debug\vc143.pdb" /external:W0 /Gd /TC /FC /errorReport:queue CMakeCCompilerId.c
  CMakeCCompilerId.c
Link:
  C:\Program Files\Microsoft Visual Studio\2022\Community\VC\Tools\MSVC\14.31.31103\bin\HostX64\x64\link.exe /ERRORREPORT:QUEUE /OUT:".\CompilerIdC.exe" /INCREMENTAL:NO /NOLOGO /LIBPATH:"C:\Users\seba2\vcpkg\installed\x64-windows\debug\lib" /LIBPATH:"C:\Users\seba2\vcpkg\installed\x64-windows\debug\lib\manual-link" kernel32.lib user32.lib gdi32.lib winspool.lib comdlg32.lib advapi32.lib shell32.lib ole32.lib oleaut32.lib uuid.lib odbc32.lib odbccp32.lib "C:\Users\seba2\vcpkg\installed\x64-windows\debug\lib\*.lib" /MANIFEST /MANIFESTUAC:"level='asInvoker' uiAccess='false'" /manifest:embed /PDB:".\CompilerIdC.pdb" /SUBSYSTEM:CONSOLE /TLBID:1 /DYNAMICBASE /NXCOMPAT /IMPLIB:".\CompilerIdC.lib" /MACHINE:X64 Debug\CMakeCCompilerId.obj
LINK : fatal error LNK1104: cannot open file 'ucrtd.lib' [C:\Users\seba2\source\repos\Proyecto II\build\CMakeFiles\3.23.0\CompilerIdC\CompilerIdC.vcxproj]
Done Building Project "C:\Users\seba2\source\repos\Proyecto II\build\CMakeFiles\3.23.0\CompilerIdC\CompilerIdC.vcxproj" (default targets) -- FAILED.

Build FAILED.

"C:\Users\seba2\source\repos\Proyecto II\build\CMakeFiles\3.23.0\CompilerIdC\CompilerIdC.vcxproj" (default target) (1) ->
(Link target) -> 
  LINK : fatal error LNK1104: cannot open file 'ucrtd.lib' [C:\Users\seba2\source\repos\Proyecto II\build\CMakeFiles\3.23.0\CompilerIdC\CompilerIdC.vcxproj]

    0 Warning(s)
    1 Error(s)

Time Elapsed 00:00:00.90


Compiling the C compiler identification source file "CMakeCCompilerId.c" failed.
Compiler:  
Build flags: 
Id flags:  

The output was:
1
Microsoft (R) Build Engine version 17.1.0+ae57d105c for .NET Framework
Copyright (C) Microsoft Corporation. All rights reserved.

Build started 4/4/2022 1:20:18 PM.
Project "C:\Users\seba2\source\repos\Proyecto II\build\CMakeFiles\3.23.0\CompilerIdC\CompilerIdC.vcxproj" on node 1 (default targets).
PrepareForBuild:
  Creating directory "Debug\".
  Creating directory "Debug\CompilerIdC.tlog\".
InitializeBuildStatus:
  Creating "Debug\CompilerIdC.tlog\unsuccessfulbuild" because "AlwaysCreate" was specified.
VcpkgTripletSelection:
  Using triplet "x64-windows" from "C:\Users\seba2\vcpkg\installed\x64-windows\"
ClCompile:
  C:\Program Files\Microsoft Visual Studio\2022\Community\VC\Tools\MSVC\14.31.31103\bin\HostX64\x64\CL.exe /c /I"C:\Users\seba2\vcpkg\installed\x64-windows\include" /nologo /W0 /WX- /diagnostics:column /Od /D _MBCS /Gm- /EHsc /RTC1 /MDd /GS /fp:precise /Zc:wchar_t /Zc:forScope /Zc:inline /Fo"Debug\\" /Fd"Debug\vc143.pdb" /external:W0 /Gd /TC /FC /errorReport:queue CMakeCCompilerId.c
  CMakeCCompilerId.c
Link:
  C:\Program Files\Microsoft Visual Studio\2022\Community\VC\Tools\MSVC\14.31.31103\bin\HostX64\x64\link.exe /ERRORREPORT:QUEUE /OUT:".\CompilerIdC.exe" /INCREMENTAL:NO /NOLOGO /LIBPATH:"C:\Users\seba2\vcpkg\installed\x64-windows\debug\lib" /LIBPATH:"C:\Users\seba2\vcpkg\installed\x64-windows\debug\lib\manual-link" kernel32.lib user32.lib gdi32.lib winspool.lib comdlg32.lib advapi32.lib shell32.lib ole32.lib oleaut32.lib uuid.lib odbc32.lib odbccp32.lib "C:\Users\seba2\vcpkg\installed\x64-windows\debug\lib\*.lib" /MANIFEST /MANIFESTUAC:"level='asInvoker' uiAccess='false'" /manifest:embed /PDB:".\CompilerIdC.pdb" /SUBSYSTEM:CONSOLE /TLBID:1 /DYNAMICBASE /NXCOMPAT /IMPLIB:".\CompilerIdC.lib" /MACHINE:X64 Debug\CMakeCCompilerId.obj
LINK : fatal error LNK1104: cannot open file 'ucrtd.lib' [C:\Users\seba2\source\repos\Proyecto II\build\CMakeFiles\3.23.0\CompilerIdC\CompilerIdC.vcxproj]
Done Building Project "C:\Users\seba2\source\repos\Proyecto II\build\CMakeFiles\3.23.0\CompilerIdC\CompilerIdC.vcxproj" (default targets) -- FAILED.

Build FAILED.

"C:\Users\seba2\source\repos\Proyecto II\build\CMakeFiles\3.23.0\CompilerIdC\CompilerIdC.vcxproj" (default target) (1) ->
(Link target) -> 
  LINK : fatal error LNK1104: cannot open file 'ucrtd.lib' [C:\Users\seba2\source\repos\Proyecto II\build\CMakeFiles\3.23.0\CompilerIdC\CompilerIdC.vcxproj]

    0 Warning(s)
    1 Error(s)

Time Elapsed 00:00:00.62


Compiling the CXX compiler identification source file "CMakeCXXCompilerId.cpp" failed.
Compiler:  
Build flags: 
Id flags:  

The output was:
1
Microsoft (R) Build Engine version 17.1.0+ae57d105c for .NET Framework
Copyright (C) Microsoft Corporation. All rights reserved.

Build started 4/4/2022 1:20:19 PM.
Project "C:\Users\seba2\source\repos\Proyecto II\build\CMakeFiles\3.23.0\CompilerIdCXX\CompilerIdCXX.vcxproj" on node 1 (default targets).
PrepareForBuild:
  Creating directory "Debug\".
  Creating directory "Debug\CompilerIdCXX.tlog\".
InitializeBuildStatus:
  Creating "Debug\CompilerIdCXX.tlog\unsuccessfulbuild" because "AlwaysCreate" was specified.
VcpkgTripletSelection:
  Using triplet "x64-windows" from "C:\Users\seba2\vcpkg\installed\x64-windows\"
ClCompile:
  C:\Program Files\Microsoft Visual Studio\2022\Community\VC\Tools\MSVC\14.31.31103\bin\HostX64\x64\CL.exe /c /I"C:\Users\seba2\vcpkg\installed\x64-windows\include" /nologo /W0 /WX- /diagnostics:column /Od /D _MBCS /Gm- /EHsc /RTC1 /MDd /GS /fp:precise /Zc:wchar_t /Zc:forScope /Zc:inline /Fo"Debug\\" /Fd"Debug\vc143.pdb" /external:W0 /Gd /TP /FC /errorReport:queue CMakeCXXCompilerId.cpp
  CMakeCXXCompilerId.cpp
Link:
  C:\Program Files\Microsoft Visual Studio\2022\Community\VC\Tools\MSVC\14.31.31103\bin\HostX64\x64\link.exe /ERRORREPORT:QUEUE /OUT:".\CompilerIdCXX.exe" /INCREMENTAL:NO /NOLOGO /LIBPATH:"C:\Users\seba2\vcpkg\installed\x64-windows\debug\lib" /LIBPATH:"C:\Users\seba2\vcpkg\installed\x64-windows\debug\lib\manual-link" kernel32.lib user32.lib gdi32.lib winspool.lib comdlg32.lib advapi32.lib shell32.lib ole32.lib oleaut32.lib uuid.lib odbc32.lib odbccp32.lib "C:\Users\seba2\vcpkg\installed\x64-windows\debug\lib\*.lib" /MANIFEST /MANIFESTUAC:"level='asInvoker' uiAccess='false'" /manifest:embed /PDB:".\CompilerIdCXX.pdb" /SUBSYSTEM:CONSOLE /TLBID:1 /DYNAMICBASE /NXCOMPAT /IMPLIB:".\CompilerIdCXX.lib" /MACHINE:X64 Debug\CMakeCXXCompilerId.obj
LINK : fatal error LNK1104: cannot open file 'ucrtd.lib' [C:\Users\seba2\source\repos\Proyecto II\build\CMakeFiles\3.23.0\CompilerIdCXX\CompilerIdCXX.vcxproj]
Done Building Project "C:\Users\seba2\source\repos\Proyecto II\build\CMakeFiles\3.23.0\CompilerIdCXX\CompilerIdCXX.vcxproj" (default targets) -- FAILED.

Build FAILED.

"C:\Users\seba2\source\repos\Proyecto II\build\CMakeFiles\3.23.0\CompilerIdCXX\CompilerIdCXX.vcxproj" (default target) (1) ->
(Link target) -> 
  LINK : fatal error LNK1104: cannot open file 'ucrtd.lib' [C:\Users\seba2\source\repos\Proyecto II\build\CMakeFiles\3.23.0\CompilerIdCXX\CompilerIdCXX.vcxproj]

    0 Warning(s)
    1 Error(s)

Time Elapsed 00:00:00.71


Compiling the CXX compiler identification source file "CMakeCXXCompilerId.cpp" failed.
Compiler:  
Build flags: 
Id flags:  

The output was:
1
Microsoft (R) Build Engine version 17.1.0+ae57d105c for .NET Framework
Copyright (C) Microsoft Corporation. All rights reserved.

Build started 4/4/2022 1:20:20 PM.
Project "C:\Users\seba2\source\repos\Proyecto II\build\CMakeFiles\3.23.0\CompilerIdCXX\CompilerIdCXX.vcxproj" on node 1 (default targets).
PrepareForBuild:
  Creating directory "Debug\".
  Creating directory "Debug\CompilerIdCXX.tlog\".
InitializeBuildStatus:
  Creating "Debug\CompilerIdCXX.tlog\unsuccessfulbuild" because "AlwaysCreate" was specified.
VcpkgTripletSelection:
  Using triplet "x64-windows" from "C:\Users\seba2\vcpkg\installed\x64-windows\"
ClCompile:
  C:\Program Files\Microsoft Visual Studio\2022\Community\VC\Tools\MSVC\14.31.31103\bin\HostX64\x64\CL.exe /c /I"C:\Users\seba2\vcpkg\installed\x64-windows\include" /nologo /W0 /WX- /diagnostics:column /Od /D _MBCS /Gm- /EHsc /RTC1 /MDd /GS /fp:precise /Zc:wchar_t /Zc:forScope /Zc:inline /Fo"Debug\\" /Fd"Debug\vc143.pdb" /external:W0 /Gd /TP /FC /errorReport:queue CMakeCXXCompilerId.cpp
  CMakeCXXCompilerId.cpp
Link:
  C:\Program Files\Microsoft Visual Studio\2022\Community\VC\Tools\MSVC\14.31.31103\bin\HostX64\x64\link.exe /ERRORREPORT:QUEUE /OUT:".\CompilerIdCXX.exe" /INCREMENTAL:NO /NOLOGO /LIBPATH:"C:\Users\seba2\vcpkg\installed\x64-windows\debug\lib" /LIBPATH:"C:\Users\seba2\vcpkg\installed\x64-windows\debug\lib\manual-link" kernel32.lib user32.lib gdi32.lib winspool.lib comdlg32.lib advapi32.lib shell32.lib ole32.lib oleaut32.lib uuid.lib odbc32.lib odbccp32.lib "C:\Users\seba2\vcpkg\installed\x64-windows\debug\lib\*.lib" /MANIFEST /MANIFESTUAC:"level='asInvoker' uiAccess='false'" /manifest:embed /PDB:".\CompilerIdCXX.pdb" /SUBSYSTEM:CONSOLE /TLBID:1 /DYNAMICBASE /NXCOMPAT /IMPLIB:".\CompilerIdCXX.lib" /MACHINE:X64 Debug\CMakeCXXCompilerId.obj
LINK : fatal error LNK1104: cannot open file 'ucrtd.lib' [C:\Users\seba2\source\repos\Proyecto II\build\CMakeFiles\3.23.0\CompilerIdCXX\CompilerIdCXX.vcxproj]
Done Building Project "C:\Users\seba2\source\repos\Proyecto II\build\CMakeFiles\3.23.0\CompilerIdCXX\CompilerIdCXX.vcxproj" (default targets) -- FAILED.

Build FAILED.

"C:\Users\seba2\source\repos\Proyecto II\build\CMakeFiles\3.23.0\CompilerIdCXX\CompilerIdCXX.vcxproj" (default target) (1) ->
(Link target) -> 
  LINK : fatal error LNK1104: cannot open file 'ucrtd.lib' [C:\Users\seba2\source\repos\Proyecto II\build\CMakeFiles\3.23.0\CompilerIdCXX\CompilerIdCXX.vcxproj]

    0 Warning(s)
    1 Error(s)

Time Elapsed 00:00:00.62


Compiling the C compiler identification source file "CMakeCCompilerId.c" failed.
Compiler:  
Build flags: 
Id flags:  

The output was:
1
Microsoft (R) Build Engine version 17.1.0+ae57d105c for .NET Framework
Copyright (C) Microsoft Corporation. All rights reserved.

Build started 4/4/2022 3:10:31 PM.
Project "C:\Users\seba2\source\repos\Proyecto II\build\CMakeFiles\3.23.0\CompilerIdC\CompilerIdC.vcxproj" on node 1 (default targets).
PrepareForBuild:
  Creating directory "Debug\".
  Creating directory "Debug\CompilerIdC.tlog\".
InitializeBuildStatus:
  Creating "Debug\CompilerIdC.tlog\unsuccessfulbuild" because "AlwaysCreate" was specified.
VcpkgTripletSelection:
  Using triplet "x64-windows" from "C:\Users\seba2\vcpkg\installed\x64-windows\"
ClCompile:
  C:\Program Files\Microsoft Visual Studio\2022\Community\VC\Tools\MSVC\14.31.31103\bin\HostX64\x64\CL.exe /c /I"C:\Users\seba2\vcpkg\installed\x64-windows\include" /nologo /W0 /WX- /diagnostics:column /Od /D _MBCS /Gm- /EHsc /RTC1 /MDd /GS /fp:precise /Zc:wchar_t /Zc:forScope /Zc:inline /Fo"Debug\\" /Fd"Debug\vc143.pdb" /external:W0 /Gd /TC /FC /errorReport:queue CMakeCCompilerId.c
  CMakeCCompilerId.c
Link:
  C:\Program Files\Microsoft Visual Studio\2022\Community\VC\Tools\MSVC\14.31.31103\bin\HostX64\x64\link.exe /ERRORREPORT:QUEUE /OUT:".\CompilerIdC.exe" /INCREMENTAL:NO /NOLOGO /LIBPATH:"C:\Users\seba2\vcpkg\installed\x64-windows\debug\lib" /LIBPATH:"C:\Users\seba2\vcpkg\installed\x64-windows\debug\lib\manual-link" kernel32.lib user32.lib gdi32.lib winspool.lib comdlg32.lib advapi32.lib shell32.lib ole32.lib oleaut32.lib uuid.lib odbc32.lib odbccp32.lib "C:\Users\seba2\vcpkg\installed\x64-windows\debug\lib\*.lib" /MANIFEST /MANIFESTUAC:"level='asInvoker' uiAccess='false'" /manifest:embed /PDB:".\CompilerIdC.pdb" /SUBSYSTEM:CONSOLE /TLBID:1 /DYNAMICBASE /NXCOMPAT /IMPLIB:".\CompilerIdC.lib" /MACHINE:X64 Debug\CMakeCCompilerId.obj
LINK : fatal error LNK1104: cannot open file 'ucrtd.lib' [C:\Users\seba2\source\repos\Proyecto II\build\CMakeFiles\3.23.0\CompilerIdC\CompilerIdC.vcxproj]
Done Building Project "C:\Users\seba2\source\repos\Proyecto II\build\CMakeFiles\3.23.0\CompilerIdC\CompilerIdC.vcxproj" (default targets) -- FAILED.

Build FAILED.

"C:\Users\seba2\source\repos\Proyecto II\build\CMakeFiles\3.23.0\CompilerIdC\CompilerIdC.vcxproj" (default target) (1) ->
(Link target) -> 
  LINK : fatal error LNK1104: cannot open file 'ucrtd.lib' [C:\Users\seba2\source\repos\Proyecto II\build\CMakeFiles\3.23.0\CompilerIdC\CompilerIdC.vcxproj]

    0 Warning(s)
    1 Error(s)

Time Elapsed 00:00:00.96


Compiling the C compiler identification source file "CMakeCCompilerId.c" failed.
Compiler:  
Build flags: 
Id flags:  

The output was:
1
Microsoft (R) Build Engine version 17.1.0+ae57d105c for .NET Framework
Copyright (C) Microsoft Corporation. All rights reserved.

Build started 4/4/2022 3:10:33 PM.
Project "C:\Users\seba2\source\repos\Proyecto II\build\CMakeFiles\3.23.0\CompilerIdC\CompilerIdC.vcxproj" on node 1 (default targets).
PrepareForBuild:
  Creating directory "Debug\".
  Creating directory "Debug\CompilerIdC.tlog\".
InitializeBuildStatus:
  Creating "Debug\CompilerIdC.tlog\unsuccessfulbuild" because "AlwaysCreate" was specified.
VcpkgTripletSelection:
  Using triplet "x64-windows" from "C:\Users\seba2\vcpkg\installed\x64-windows\"
ClCompile:
  C:\Program Files\Microsoft Visual Studio\2022\Community\VC\Tools\MSVC\14.31.31103\bin\HostX64\x64\CL.exe /c /I"C:\Users\seba2\vcpkg\installed\x64-windows\include" /nologo /W0 /WX- /diagnostics:column /Od /D _MBCS /Gm- /EHsc /RTC1 /MDd /GS /fp:precise /Zc:wchar_t /Zc:forScope /Zc:inline /Fo"Debug\\" /Fd"Debug\vc143.pdb" /external:W0 /Gd /TC /FC /errorReport:queue CMakeCCompilerId.c
  CMakeCCompilerId.c
Link:
  C:\Program Files\Microsoft Visual Studio\2022\Community\VC\Tools\MSVC\14.31.31103\bin\HostX64\x64\link.exe /ERRORREPORT:QUEUE /OUT:".\CompilerIdC.exe" /INCREMENTAL:NO /NOLOGO /LIBPATH:"C:\Users\seba2\vcpkg\installed\x64-windows\debug\lib" /LIBPATH:"C:\Users\seba2\vcpkg\installed\x64-windows\debug\lib\manual-link" kernel32.lib user32.lib gdi32.lib winspool.lib comdlg32.lib advapi32.lib shell32.lib ole32.lib oleaut32.lib uuid.lib odbc32.lib odbccp32.lib "C:\Users\seba2\vcpkg\installed\x64-windows\debug\lib\*.lib" /MANIFEST /MANIFESTUAC:"level='asInvoker' uiAccess='false'" /manifest:embed /PDB:".\CompilerIdC.pdb" /SUBSYSTEM:CONSOLE /TLBID:1 /DYNAMICBASE /NXCOMPAT /IMPLIB:".\CompilerIdC.lib" /MACHINE:X64 Debug\CMakeCCompilerId.obj
LINK : fatal error LNK1104: cannot open file 'ucrtd.lib' [C:\Users\seba2\source\repos\Proyecto II\build\CMakeFiles\3.23.0\CompilerIdC\CompilerIdC.vcxproj]
Done Building Project "C:\Users\seba2\source\repos\Proyecto II\build\CMakeFiles\3.23.0\CompilerIdC\CompilerIdC.vcxproj" (default targets) -- FAILED.

Build FAILED.

"C:\Users\seba2\source\repos\Proyecto II\build\CMakeFiles\3.23.0\CompilerIdC\CompilerIdC.vcxproj" (default target) (1) ->
(Link target) -> 
  LINK : fatal error LNK1104: cannot open file 'ucrtd.lib' [C:\Users\seba2\source\repos\Proyecto II\build\CMakeFiles\3.23.0\CompilerIdC\CompilerIdC.vcxproj]

    0 Warning(s)
    1 Error(s)

Time Elapsed 00:00:00.48


Compiling the CXX compiler identification source file "CMakeCXXCompilerId.cpp" failed.
Compiler:  
Build flags: 
Id flags:  

The output was:
1
Microsoft (R) Build Engine version 17.1.0+ae57d105c for .NET Framework
Copyright (C) Microsoft Corporation. All rights reserved.

Build started 4/4/2022 3:10:33 PM.
Project "C:\Users\seba2\source\repos\Proyecto II\build\CMakeFiles\3.23.0\CompilerIdCXX\CompilerIdCXX.vcxproj" on node 1 (default targets).
PrepareForBuild:
  Creating directory "Debug\".
  Creating directory "Debug\CompilerIdCXX.tlog\".
InitializeBuildStatus:
  Creating "Debug\CompilerIdCXX.tlog\unsuccessfulbuild" because "AlwaysCreate" was specified.
VcpkgTripletSelection:
  Using triplet "x64-windows" from "C:\Users\seba2\vcpkg\installed\x64-windows\"
ClCompile:
  C:\Program Files\Microsoft Visual Studio\2022\Community\VC\Tools\MSVC\14.31.31103\bin\HostX64\x64\CL.exe /c /I"C:\Users\seba2\vcpkg\installed\x64-windows\include" /nologo /W0 /WX- /diagnostics:column /Od /D _MBCS /Gm- /EHsc /RTC1 /MDd /GS /fp:precise /Zc:wchar_t /Zc:forScope /Zc:inline /Fo"Debug\\" /Fd"Debug\vc143.pdb" /external:W0 /Gd /TP /FC /errorReport:queue CMakeCXXCompilerId.cpp
  CMakeCXXCompilerId.cpp
Link:
  C:\Program Files\Microsoft Visual Studio\2022\Community\VC\Tools\MSVC\14.31.31103\bin\HostX64\x64\link.exe /ERRORREPORT:QUEUE /OUT:".\CompilerIdCXX.exe" /INCREMENTAL:NO /NOLOGO /LIBPATH:"C:\Users\seba2\vcpkg\installed\x64-windows\debug\lib" /LIBPATH:"C:\Users\seba2\vcpkg\installed\x64-windows\debug\lib\manual-link" kernel32.lib user32.lib gdi32.lib winspool.lib comdlg32.lib advapi32.lib shell32.lib ole32.lib oleaut32.lib uuid.lib odbc32.lib odbccp32.lib "C:\Users\seba2\vcpkg\installed\x64-windows\debug\lib\*.lib" /MANIFEST /MANIFESTUAC:"level='asInvoker' uiAccess='false'" /manifest:embed /PDB:".\CompilerIdCXX.pdb" /SUBSYSTEM:CONSOLE /TLBID:1 /DYNAMICBASE /NXCOMPAT /IMPLIB:".\CompilerIdCXX.lib" /MACHINE:X64 Debug\CMakeCXXCompilerId.obj
LINK : fatal error LNK1104: cannot open file 'ucrtd.lib' [C:\Users\seba2\source\repos\Proyecto II\build\CMakeFiles\3.23.0\CompilerIdCXX\CompilerIdCXX.vcxproj]
Done Building Project "C:\Users\seba2\source\repos\Proyecto II\build\CMakeFiles\3.23.0\CompilerIdCXX\CompilerIdCXX.vcxproj" (default targets) -- FAILED.

Build FAILED.

"C:\Users\seba2\source\repos\Proyecto II\build\CMakeFiles\3.23.0\CompilerIdCXX\CompilerIdCXX.vcxproj" (default target) (1) ->
(Link target) -> 
  LINK : fatal error LNK1104: cannot open file 'ucrtd.lib' [C:\Users\seba2\source\repos\Proyecto II\build\CMakeFiles\3.23.0\CompilerIdCXX\CompilerIdCXX.vcxproj]

    0 Warning(s)
    1 Error(s)

Time Elapsed 00:00:00.57


Compiling the CXX compiler identification source file "CMakeCXXCompilerId.cpp" failed.
Compiler:  
Build flags: 
Id flags:  

The output was:
1
Microsoft (R) Build Engine version 17.1.0+ae57d105c for .NET Framework
Copyright (C) Microsoft Corporation. All rights reserved.

Build started 4/4/2022 3:10:34 PM.
Project "C:\Users\seba2\source\repos\Proyecto II\build\CMakeFiles\3.23.0\CompilerIdCXX\CompilerIdCXX.vcxproj" on node 1 (default targets).
PrepareForBuild:
  Creating directory "Debug\".
  Creating directory "Debug\CompilerIdCXX.tlog\".
InitializeBuildStatus:
  Creating "Debug\CompilerIdCXX.tlog\unsuccessfulbuild" because "AlwaysCreate" was specified.
VcpkgTripletSelection:
  Using triplet "x64-windows" from "C:\Users\seba2\vcpkg\installed\x64-windows\"
ClCompile:
  C:\Program Files\Microsoft Visual Studio\2022\Community\VC\Tools\MSVC\14.31.31103\bin\HostX64\x64\CL.exe /c /I"C:\Users\seba2\vcpkg\installed\x64-windows\include" /nologo /W0 /WX- /diagnostics:column /Od /D _MBCS /Gm- /EHsc /RTC1 /MDd /GS /fp:precise /Zc:wchar_t /Zc:forScope /Zc:inline /Fo"Debug\\" /Fd"Debug\vc143.pdb" /external:W0 /Gd /TP /FC /errorReport:queue CMakeCXXCompilerId.cpp
  CMakeCXXCompilerId.cpp
Link:
  C:\Program Files\Microsoft Visual Studio\2022\Community\VC\Tools\MSVC\14.31.31103\bin\HostX64\x64\link.exe /ERRORREPORT:QUEUE /OUT:".\CompilerIdCXX.exe" /INCREMENTAL:NO /NOLOGO /LIBPATH:"C:\Users\seba2\vcpkg\installed\x64-windows\debug\lib" /LIBPATH:"C:\Users\seba2\vcpkg\installed\x64-windows\debug\lib\manual-link" kernel32.lib user32.lib gdi32.lib winspool.lib comdlg32.lib advapi32.lib shell32.lib ole32.lib oleaut32.lib uuid.lib odbc32.lib odbccp32.lib "C:\Users\seba2\vcpkg\installed\x64-windows\debug\lib\*.lib" /MANIFEST /MANIFESTUAC:"level='asInvoker' uiAccess='false'" /manifest:embed /PDB:".\CompilerIdCXX.pdb" /SUBSYSTEM:CONSOLE /TLBID:1 /DYNAMICBASE /NXCOMPAT /IMPLIB:".\CompilerIdCXX.lib" /MACHINE:X64 Debug\CMakeCXXCompilerId.obj
LINK : fatal error LNK1104: cannot open file 'ucrtd.lib' [C:\Users\seba2\source\repos\Proyecto II\build\CMakeFiles\3.23.0\CompilerIdCXX\CompilerIdCXX.vcxproj]
Done Building Project "C:\Users\seba2\source\repos\Proyecto II\build\CMakeFiles\3.23.0\CompilerIdCXX\CompilerIdCXX.vcxproj" (default targets) -- FAILED.

Build FAILED.

"C:\Users\seba2\source\repos\Proyecto II\build\CMakeFiles\3.23.0\CompilerIdCXX\CompilerIdCXX.vcxproj" (default target) (1) ->
(Link target) -> 
  LINK : fatal error LNK1104: cannot open file 'ucrtd.lib' [C:\Users\seba2\source\repos\Proyecto II\build\CMakeFiles\3.23.0\CompilerIdCXX\CompilerIdCXX.vcxproj]

    0 Warning(s)
    1 Error(s)

Time Elapsed 00:00:00.58


Compiling the C compiler identification source file "CMakeCCompilerId.c" failed.
Compiler:  
Build flags: 
Id flags:  

The output was:
1
Microsoft (R) Build Engine version 17.1.0+ae57d105c for .NET Framework
Copyright (C) Microsoft Corporation. All rights reserved.

Build started 4/4/2022 3:10:35 PM.
Project "C:\Users\seba2\source\repos\Proyecto II\build\CMakeFiles\3.23.0\CompilerIdC\CompilerIdC.vcxproj" on node 1 (default targets).
PrepareForBuild:
  Creating directory "Debug\".
  Creating directory "Debug\CompilerIdC.tlog\".
InitializeBuildStatus:
  Creating "Debug\CompilerIdC.tlog\unsuccessfulbuild" because "AlwaysCreate" was specified.
VcpkgTripletSelection:
  Using triplet "x64-windows" from "C:\Users\seba2\vcpkg\installed\x64-windows\"
ClCompile:
  C:\Program Files\Microsoft Visual Studio\2022\Community\VC\Tools\MSVC\14.31.31103\bin\HostX64\x64\CL.exe /c /I"C:\Users\seba2\vcpkg\installed\x64-windows\include" /nologo /W0 /WX- /diagnostics:column /Od /D _MBCS /Gm- /EHsc /RTC1 /MDd /GS /fp:precise /Zc:wchar_t /Zc:forScope /Zc:inline /Fo"Debug\\" /Fd"Debug\vc143.pdb" /external:W0 /Gd /TC /FC /errorReport:queue CMakeCCompilerId.c
  CMakeCCompilerId.c
Link:
  C:\Program Files\Microsoft Visual Studio\2022\Community\VC\Tools\MSVC\14.31.31103\bin\HostX64\x64\link.exe /ERRORREPORT:QUEUE /OUT:".\CompilerIdC.exe" /INCREMENTAL:NO /NOLOGO /LIBPATH:"C:\Users\seba2\vcpkg\installed\x64-windows\debug\lib" /LIBPATH:"C:\Users\seba2\vcpkg\installed\x64-windows\debug\lib\manual-link" kernel32.lib user32.lib gdi32.lib winspool.lib comdlg32.lib advapi32.lib shell32.lib ole32.lib oleaut32.lib uuid.lib odbc32.lib odbccp32.lib "C:\Users\seba2\vcpkg\installed\x64-windows\debug\lib\*.lib" /MANIFEST /MANIFESTUAC:"level='asInvoker' uiAccess='false'" /manifest:embed /PDB:".\CompilerIdC.pdb" /SUBSYSTEM:CONSOLE /TLBID:1 /DYNAMICBASE /NXCOMPAT /IMPLIB:".\CompilerIdC.lib" /MACHINE:X64 Debug\CMakeCCompilerId.obj
LINK : fatal error LNK1104: cannot open file 'ucrtd.lib' [C:\Users\seba2\source\repos\Proyecto II\build\CMakeFiles\3.23.0\CompilerIdC\CompilerIdC.vcxproj]
Done Building Project "C:\Users\seba2\source\repos\Proyecto II\build\CMakeFiles\3.23.0\CompilerIdC\CompilerIdC.vcxproj" (default targets) -- FAILED.

Build FAILED.

"C:\Users\seba2\source\repos\Proyecto II\build\CMakeFiles\3.23.0\CompilerIdC\CompilerIdC.vcxproj" (default target) (1) ->
(Link target) -> 
  LINK : fatal error LNK1104: cannot open file 'ucrtd.lib' [C:\Users\seba2\source\repos\Proyecto II\build\CMakeFiles\3.23.0\CompilerIdC\CompilerIdC.vcxproj]

    0 Warning(s)
    1 Error(s)

Time Elapsed 00:00:00.50


Compiling the C compiler identification source file "CMakeCCompilerId.c" failed.
Compiler:  
Build flags: 
Id flags:  

The output was:
1
Microsoft (R) Build Engine version 17.1.0+ae57d105c for .NET Framework
Copyright (C) Microsoft Corporation. All rights reserved.

Build started 4/4/2022 3:10:36 PM.
Project "C:\Users\seba2\source\repos\Proyecto II\build\CMakeFiles\3.23.0\CompilerIdC\CompilerIdC.vcxproj" on node 1 (default targets).
PrepareForBuild:
  Creating directory "Debug\".
  Creating directory "Debug\CompilerIdC.tlog\".
InitializeBuildStatus:
  Creating "Debug\CompilerIdC.tlog\unsuccessfulbuild" because "AlwaysCreate" was specified.
VcpkgTripletSelection:
  Using triplet "x64-windows" from "C:\Users\seba2\vcpkg\installed\x64-windows\"
ClCompile:
  C:\Program Files\Microsoft Visual Studio\2022\Community\VC\Tools\MSVC\14.31.31103\bin\HostX64\x64\CL.exe /c /I"C:\Users\seba2\vcpkg\installed\x64-windows\include" /nologo /W0 /WX- /diagnostics:column /Od /D _MBCS /Gm- /EHsc /RTC1 /MDd /GS /fp:precise /Zc:wchar_t /Zc:forScope /Zc:inline /Fo"Debug\\" /Fd"Debug\vc143.pdb" /external:W0 /Gd /TC /FC /errorReport:queue CMakeCCompilerId.c
  CMakeCCompilerId.c
Link:
  C:\Program Files\Microsoft Visual Studio\2022\Community\VC\Tools\MSVC\14.31.31103\bin\HostX64\x64\link.exe /ERRORREPORT:QUEUE /OUT:".\CompilerIdC.exe" /INCREMENTAL:NO /NOLOGO /LIBPATH:"C:\Users\seba2\vcpkg\installed\x64-windows\debug\lib" /LIBPATH:"C:\Users\seba2\vcpkg\installed\x64-windows\debug\lib\manual-link" kernel32.lib user32.lib gdi32.lib winspool.lib comdlg32.lib advapi32.lib shell32.lib ole32.lib oleaut32.lib uuid.lib odbc32.lib odbccp32.lib "C:\Users\seba2\vcpkg\installed\x64-windows\debug\lib\*.lib" /MANIFEST /MANIFESTUAC:"level='asInvoker' uiAccess='false'" /manifest:embed /PDB:".\CompilerIdC.pdb" /SUBSYSTEM:CONSOLE /TLBID:1 /DYNAMICBASE /NXCOMPAT /IMPLIB:".\CompilerIdC.lib" /MACHINE:X64 Debug\CMakeCCompilerId.obj
LINK : fatal error LNK1104: cannot open file 'ucrtd.lib' [C:\Users\seba2\source\repos\Proyecto II\build\CMakeFiles\3.23.0\CompilerIdC\CompilerIdC.vcxproj]
Done Building Project "C:\Users\seba2\source\repos\Proyecto II\build\CMakeFiles\3.23.0\CompilerIdC\CompilerIdC.vcxproj" (default targets) -- FAILED.

Build FAILED.

"C:\Users\seba2\source\repos\Proyecto II\build\CMakeFiles\3.23.0\CompilerIdC\CompilerIdC.vcxproj" (default target) (1) ->
(Link target) -> 
  LINK : fatal error LNK1104: cannot open file 'ucrtd.lib' [C:\Users\seba2\source\repos\Proyecto II\build\CMakeFiles\3.23.0\CompilerIdC\CompilerIdC.vcxproj]

    0 Warning(s)
    1 Error(s)

Time Elapsed 00:00:00.48


Compiling the CXX compiler identification source file "CMakeCXXCompilerId.cpp" failed.
Compiler:  
Build flags: 
Id flags:  

The output was:
1
Microsoft (R) Build Engine version 17.1.0+ae57d105c for .NET Framework
Copyright (C) Microsoft Corporation. All rights reserved.

Build started 4/4/2022 3:10:37 PM.
Project "C:\Users\seba2\source\repos\Proyecto II\build\CMakeFiles\3.23.0\CompilerIdCXX\CompilerIdCXX.vcxproj" on node 1 (default targets).
PrepareForBuild:
  Creating directory "Debug\".
  Creating directory "Debug\CompilerIdCXX.tlog\".
InitializeBuildStatus:
  Creating "Debug\CompilerIdCXX.tlog\unsuccessfulbuild" because "AlwaysCreate" was specified.
VcpkgTripletSelection:
  Using triplet "x64-windows" from "C:\Users\seba2\vcpkg\installed\x64-windows\"
ClCompile:
  C:\Program Files\Microsoft Visual Studio\2022\Community\VC\Tools\MSVC\14.31.31103\bin\HostX64\x64\CL.exe /c /I"C:\Users\seba2\vcpkg\installed\x64-windows\include" /nologo /W0 /WX- /diagnostics:column /Od /D _MBCS /Gm- /EHsc /RTC1 /MDd /GS /fp:precise /Zc:wchar_t /Zc:forScope /Zc:inline /Fo"Debug\\" /Fd"Debug\vc143.pdb" /external:W0 /Gd /TP /FC /errorReport:queue CMakeCXXCompilerId.cpp
  CMakeCXXCompilerId.cpp
Link:
  C:\Program Files\Microsoft Visual Studio\2022\Community\VC\Tools\MSVC\14.31.31103\bin\HostX64\x64\link.exe /ERRORREPORT:QUEUE /OUT:".\CompilerIdCXX.exe" /INCREMENTAL:NO /NOLOGO /LIBPATH:"C:\Users\seba2\vcpkg\installed\x64-windows\debug\lib" /LIBPATH:"C:\Users\seba2\vcpkg\installed\x64-windows\debug\lib\manual-link" kernel32.lib user32.lib gdi32.lib winspool.lib comdlg32.lib advapi32.lib shell32.lib ole32.lib oleaut32.lib uuid.lib odbc32.lib odbccp32.lib "C:\Users\seba2\vcpkg\installed\x64-windows\debug\lib\*.lib" /MANIFEST /MANIFESTUAC:"level='asInvoker' uiAccess='false'" /manifest:embed /PDB:".\CompilerIdCXX.pdb" /SUBSYSTEM:CONSOLE /TLBID:1 /DYNAMICBASE /NXCOMPAT /IMPLIB:".\CompilerIdCXX.lib" /MACHINE:X64 Debug\CMakeCXXCompilerId.obj
LINK : fatal error LNK1104: cannot open file 'ucrtd.lib' [C:\Users\seba2\source\repos\Proyecto II\build\CMakeFiles\3.23.0\CompilerIdCXX\CompilerIdCXX.vcxproj]
Done Building Project "C:\Users\seba2\source\repos\Proyecto II\build\CMakeFiles\3.23.0\CompilerIdCXX\CompilerIdCXX.vcxproj" (default targets) -- FAILED.

Build FAILED.

"C:\Users\seba2\source\repos\Proyecto II\build\CMakeFiles\3.23.0\CompilerIdCXX\CompilerIdCXX.vcxproj" (default target) (1) ->
(Link target) -> 
  LINK : fatal error LNK1104: cannot open file 'ucrtd.lib' [C:\Users\seba2\source\repos\Proyecto II\build\CMakeFiles\3.23.0\CompilerIdCXX\CompilerIdCXX.vcxproj]

    0 Warning(s)
    1 Error(s)

Time Elapsed 00:00:00.52


Compiling the CXX compiler identification source file "CMakeCXXCompilerId.cpp" failed.
Compiler:  
Build flags: 
Id flags:  

The output was:
1
Microsoft (R) Build Engine version 17.1.0+ae57d105c for .NET Framework
Copyright (C) Microsoft Corporation. All rights reserved.

Build started 4/4/2022 3:10:38 PM.
Project "C:\Users\seba2\source\repos\Proyecto II\build\CMakeFiles\3.23.0\CompilerIdCXX\CompilerIdCXX.vcxproj" on node 1 (default targets).
PrepareForBuild:
  Creating directory "Debug\".
  Creating directory "Debug\CompilerIdCXX.tlog\".
InitializeBuildStatus:
  Creating "Debug\CompilerIdCXX.tlog\unsuccessfulbuild" because "AlwaysCreate" was specified.
VcpkgTripletSelection:
  Using triplet "x64-windows" from "C:\Users\seba2\vcpkg\installed\x64-windows\"
ClCompile:
  C:\Program Files\Microsoft Visual Studio\2022\Community\VC\Tools\MSVC\14.31.31103\bin\HostX64\x64\CL.exe /c /I"C:\Users\seba2\vcpkg\installed\x64-windows\include" /nologo /W0 /WX- /diagnostics:column /Od /D _MBCS /Gm- /EHsc /RTC1 /MDd /GS /fp:precise /Zc:wchar_t /Zc:forScope /Zc:inline /Fo"Debug\\" /Fd"Debug\vc143.pdb" /external:W0 /Gd /TP /FC /errorReport:queue CMakeCXXCompilerId.cpp
  CMakeCXXCompilerId.cpp
Link:
  C:\Program Files\Microsoft Visual Studio\2022\Community\VC\Tools\MSVC\14.31.31103\bin\HostX64\x64\link.exe /ERRORREPORT:QUEUE /OUT:".\CompilerIdCXX.exe" /INCREMENTAL:NO /NOLOGO /LIBPATH:"C:\Users\seba2\vcpkg\installed\x64-windows\debug\lib" /LIBPATH:"C:\Users\seba2\vcpkg\installed\x64-windows\debug\lib\manual-link" kernel32.lib user32.lib gdi32.lib winspool.lib comdlg32.lib advapi32.lib shell32.lib ole32.lib oleaut32.lib uuid.lib odbc32.lib odbccp32.lib "C:\Users\seba2\vcpkg\installed\x64-windows\debug\lib\*.lib" /MANIFEST /MANIFESTUAC:"level='asInvoker' uiAccess='false'" /manifest:embed /PDB:".\CompilerIdCXX.pdb" /SUBSYSTEM:CONSOLE /TLBID:1 /DYNAMICBASE /NXCOMPAT /IMPLIB:".\CompilerIdCXX.lib" /MACHINE:X64 Debug\CMakeCXXCompilerId.obj
LINK : fatal error LNK1104: cannot open file 'ucrtd.lib' [C:\Users\seba2\source\repos\Proyecto II\build\CMakeFiles\3.23.0\CompilerIdCXX\CompilerIdCXX.vcxproj]
Done Building Project "C:\Users\seba2\source\repos\Proyecto II\build\CMakeFiles\3.23.0\CompilerIdCXX\CompilerIdCXX.vcxproj" (default targets) -- FAILED.

Build FAILED.

"C:\Users\seba2\source\repos\Proyecto II\build\CMakeFiles\3.23.0\CompilerIdCXX\CompilerIdCXX.vcxproj" (default target) (1) ->
(Link target) -> 
  LINK : fatal error LNK1104: cannot open file 'ucrtd.lib' [C:\Users\seba2\source\repos\Proyecto II\build\CMakeFiles\3.23.0\CompilerIdCXX\CompilerIdCXX.vcxproj]

    0 Warning(s)
    1 Error(s)

Time Elapsed 00:00:00.48


Compiling the C compiler identification source file "CMakeCCompilerId.c" failed.
Compiler:  
Build flags: 
Id flags:  

The output was:
1
Microsoft (R) Build Engine version 17.1.0+ae57d105c for .NET Framework
Copyright (C) Microsoft Corporation. All rights reserved.

Build started 4/4/2022 3:50:58 PM.
Project "C:\Users\seba2\source\repos\Proyecto II\build\CMakeFiles\3.23.0\CompilerIdC\CompilerIdC.vcxproj" on node 1 (default targets).
PrepareForBuild:
  Creating directory "Debug\".
  Creating directory "Debug\CompilerIdC.tlog\".
InitializeBuildStatus:
  Creating "Debug\CompilerIdC.tlog\unsuccessfulbuild" because "AlwaysCreate" was specified.
VcpkgTripletSelection:
  Using triplet "x64-windows" from "C:\Users\seba2\vcpkg\installed\x64-windows\"
ClCompile:
  C:\Program Files\Microsoft Visual Studio\2022\Community\VC\Tools\MSVC\14.31.31103\bin\HostX64\x64\CL.exe /c /I"C:\Users\seba2\vcpkg\installed\x64-windows\include" /nologo /W0 /WX- /diagnostics:column /Od /D _MBCS /Gm- /EHsc /RTC1 /MDd /GS /fp:precise /Zc:wchar_t /Zc:forScope /Zc:inline /Fo"Debug\\" /Fd"Debug\vc143.pdb" /external:W0 /Gd /TC /FC /errorReport:queue CMakeCCompilerId.c
  CMakeCCompilerId.c
Link:
  C:\Program Files\Microsoft Visual Studio\2022\Community\VC\Tools\MSVC\14.31.31103\bin\HostX64\x64\link.exe /ERRORREPORT:QUEUE /OUT:".\CompilerIdC.exe" /INCREMENTAL:NO /NOLOGO /LIBPATH:"C:\Users\seba2\vcpkg\installed\x64-windows\debug\lib" /LIBPATH:"C:\Users\seba2\vcpkg\installed\x64-windows\debug\lib\manual-link" kernel32.lib user32.lib gdi32.lib winspool.lib comdlg32.lib advapi32.lib shell32.lib ole32.lib oleaut32.lib uuid.lib odbc32.lib odbccp32.lib "C:\Users\seba2\vcpkg\installed\x64-windows\debug\lib\*.lib" /MANIFEST /MANIFESTUAC:"level='asInvoker' uiAccess='false'" /manifest:embed /PDB:".\CompilerIdC.pdb" /SUBSYSTEM:CONSOLE /TLBID:1 /DYNAMICBASE /NXCOMPAT /IMPLIB:".\CompilerIdC.lib" /MACHINE:X64 Debug\CMakeCCompilerId.obj
LINK : fatal error LNK1104: cannot open file 'ucrtd.lib' [C:\Users\seba2\source\repos\Proyecto II\build\CMakeFiles\3.23.0\CompilerIdC\CompilerIdC.vcxproj]
Done Building Project "C:\Users\seba2\source\repos\Proyecto II\build\CMakeFiles\3.23.0\CompilerIdC\CompilerIdC.vcxproj" (default targets) -- FAILED.

Build FAILED.

"C:\Users\seba2\source\repos\Proyecto II\build\CMakeFiles\3.23.0\CompilerIdC\CompilerIdC.vcxproj" (default target) (1) ->
(Link target) -> 
  LINK : fatal error LNK1104: cannot open file 'ucrtd.lib' [C:\Users\seba2\source\repos\Proyecto II\build\CMakeFiles\3.23.0\CompilerIdC\CompilerIdC.vcxproj]

    0 Warning(s)
    1 Error(s)

Time Elapsed 00:00:00.62


Compiling the C compiler identification source file "CMakeCCompilerId.c" failed.
Compiler:  
Build flags: 
Id flags:  

The output was:
1
Microsoft (R) Build Engine version 17.1.0+ae57d105c for .NET Framework
Copyright (C) Microsoft Corporation. All rights reserved.

Build started 4/4/2022 3:50:59 PM.
Project "C:\Users\seba2\source\repos\Proyecto II\build\CMakeFiles\3.23.0\CompilerIdC\CompilerIdC.vcxproj" on node 1 (default targets).
PrepareForBuild:
  Creating directory "Debug\".
  Creating directory "Debug\CompilerIdC.tlog\".
InitializeBuildStatus:
  Creating "Debug\CompilerIdC.tlog\unsuccessfulbuild" because "AlwaysCreate" was specified.
VcpkgTripletSelection:
  Using triplet "x64-windows" from "C:\Users\seba2\vcpkg\installed\x64-windows\"
ClCompile:
  C:\Program Files\Microsoft Visual Studio\2022\Community\VC\Tools\MSVC\14.31.31103\bin\HostX64\x64\CL.exe /c /I"C:\Users\seba2\vcpkg\installed\x64-windows\include" /nologo /W0 /WX- /diagnostics:column /Od /D _MBCS /Gm- /EHsc /RTC1 /MDd /GS /fp:precise /Zc:wchar_t /Zc:forScope /Zc:inline /Fo"Debug\\" /Fd"Debug\vc143.pdb" /external:W0 /Gd /TC /FC /errorReport:queue CMakeCCompilerId.c
  CMakeCCompilerId.c
Link:
  C:\Program Files\Microsoft Visual Studio\2022\Community\VC\Tools\MSVC\14.31.31103\bin\HostX64\x64\link.exe /ERRORREPORT:QUEUE /OUT:".\CompilerIdC.exe" /INCREMENTAL:NO /NOLOGO /LIBPATH:"C:\Users\seba2\vcpkg\installed\x64-windows\debug\lib" /LIBPATH:"C:\Users\seba2\vcpkg\installed\x64-windows\debug\lib\manual-link" kernel32.lib user32.lib gdi32.lib winspool.lib comdlg32.lib advapi32.lib shell32.lib ole32.lib oleaut32.lib uuid.lib odbc32.lib odbccp32.lib "C:\Users\seba2\vcpkg\installed\x64-windows\debug\lib\*.lib" /MANIFEST /MANIFESTUAC:"level='asInvoker' uiAccess='false'" /manifest:embed /PDB:".\CompilerIdC.pdb" /SUBSYSTEM:CONSOLE /TLBID:1 /DYNAMICBASE /NXCOMPAT /IMPLIB:".\CompilerIdC.lib" /MACHINE:X64 Debug\CMakeCCompilerId.obj
LINK : fatal error LNK1104: cannot open file 'ucrtd.lib' [C:\Users\seba2\source\repos\Proyecto II\build\CMakeFiles\3.23.0\CompilerIdC\CompilerIdC.vcxproj]
Done Building Project "C:\Users\seba2\source\repos\Proyecto II\build\CMakeFiles\3.23.0\CompilerIdC\CompilerIdC.vcxproj" (default targets) -- FAILED.

Build FAILED.

"C:\Users\seba2\source\repos\Proyecto II\build\CMakeFiles\3.23.0\CompilerIdC\CompilerIdC.vcxproj" (default target) (1) ->
(Link target) -> 
  LINK : fatal error LNK1104: cannot open file 'ucrtd.lib' [C:\Users\seba2\source\repos\Proyecto II\build\CMakeFiles\3.23.0\CompilerIdC\CompilerIdC.vcxproj]

    0 Warning(s)
    1 Error(s)

Time Elapsed 00:00:00.44


Compiling the CXX compiler identification source file "CMakeCXXCompilerId.cpp" failed.
Compiler:  
Build flags: 
Id flags:  

The output was:
1
Microsoft (R) Build Engine version 17.1.0+ae57d105c for .NET Framework
Copyright (C) Microsoft Corporation. All rights reserved.

Build started 4/4/2022 3:51:00 PM.
Project "C:\Users\seba2\source\repos\Proyecto II\build\CMakeFiles\3.23.0\CompilerIdCXX\CompilerIdCXX.vcxproj" on node 1 (default targets).
PrepareForBuild:
  Creating directory "Debug\".
  Creating directory "Debug\CompilerIdCXX.tlog\".
InitializeBuildStatus:
  Creating "Debug\CompilerIdCXX.tlog\unsuccessfulbuild" because "AlwaysCreate" was specified.
VcpkgTripletSelection:
  Using triplet "x64-windows" from "C:\Users\seba2\vcpkg\installed\x64-windows\"
ClCompile:
  C:\Program Files\Microsoft Visual Studio\2022\Community\VC\Tools\MSVC\14.31.31103\bin\HostX64\x64\CL.exe /c /I"C:\Users\seba2\vcpkg\installed\x64-windows\include" /nologo /W0 /WX- /diagnostics:column /Od /D _MBCS /Gm- /EHsc /RTC1 /MDd /GS /fp:precise /Zc:wchar_t /Zc:forScope /Zc:inline /Fo"Debug\\" /Fd"Debug\vc143.pdb" /external:W0 /Gd /TP /FC /errorReport:queue CMakeCXXCompilerId.cpp
  CMakeCXXCompilerId.cpp
Link:
  C:\Program Files\Microsoft Visual Studio\2022\Community\VC\Tools\MSVC\14.31.31103\bin\HostX64\x64\link.exe /ERRORREPORT:QUEUE /OUT:".\CompilerIdCXX.exe" /INCREMENTAL:NO /NOLOGO /LIBPATH:"C:\Users\seba2\vcpkg\installed\x64-windows\debug\lib" /LIBPATH:"C:\Users\seba2\vcpkg\installed\x64-windows\debug\lib\manual-link" kernel32.lib user32.lib gdi32.lib winspool.lib comdlg32.lib advapi32.lib shell32.lib ole32.lib oleaut32.lib uuid.lib odbc32.lib odbccp32.lib "C:\Users\seba2\vcpkg\installed\x64-windows\debug\lib\*.lib" /MANIFEST /MANIFESTUAC:"level='asInvoker' uiAccess='false'" /manifest:embed /PDB:".\CompilerIdCXX.pdb" /SUBSYSTEM:CONSOLE /TLBID:1 /DYNAMICBASE /NXCOMPAT /IMPLIB:".\CompilerIdCXX.lib" /MACHINE:X64 Debug\CMakeCXXCompilerId.obj
LINK : fatal error LNK1104: cannot open file 'ucrtd.lib' [C:\Users\seba2\source\repos\Proyecto II\build\CMakeFiles\3.23.0\CompilerIdCXX\CompilerIdCXX.vcxproj]
Done Building Project "C:\Users\seba2\source\repos\Proyecto II\build\CMakeFiles\3.23.0\CompilerIdCXX\CompilerIdCXX.vcxproj" (default targets) -- FAILED.

Build FAILED.

"C:\Users\seba2\source\repos\Proyecto II\build\CMakeFiles\3.23.0\CompilerIdCXX\CompilerIdCXX.vcxproj" (default target) (1) ->
(Link target) -> 
  LINK : fatal error LNK1104: cannot open file 'ucrtd.lib' [C:\Users\seba2\source\repos\Proyecto II\build\CMakeFiles\3.23.0\CompilerIdCXX\CompilerIdCXX.vcxproj]

    0 Warning(s)
    1 Error(s)

Time Elapsed 00:00:00.43


Compiling the CXX compiler identification source file "CMakeCXXCompilerId.cpp" failed.
Compiler:  
Build flags: 
Id flags:  

The output was:
1
Microsoft (R) Build Engine version 17.1.0+ae57d105c for .NET Framework
Copyright (C) Microsoft Corporation. All rights reserved.

Build started 4/4/2022 3:51:00 PM.
Project "C:\Users\seba2\source\repos\Proyecto II\build\CMakeFiles\3.23.0\CompilerIdCXX\CompilerIdCXX.vcxproj" on node 1 (default targets).
PrepareForBuild:
  Creating directory "Debug\".
  Creating directory "Debug\CompilerIdCXX.tlog\".
InitializeBuildStatus:
  Creating "Debug\CompilerIdCXX.tlog\unsuccessfulbuild" because "AlwaysCreate" was specified.
VcpkgTripletSelection:
  Using triplet "x64-windows" from "C:\Users\seba2\vcpkg\installed\x64-windows\"
ClCompile:
  C:\Program Files\Microsoft Visual Studio\2022\Community\VC\Tools\MSVC\14.31.31103\bin\HostX64\x64\CL.exe /c /I"C:\Users\seba2\vcpkg\installed\x64-windows\include" /nologo /W0 /WX- /diagnostics:column /Od /D _MBCS /Gm- /EHsc /RTC1 /MDd /GS /fp:precise /Zc:wchar_t /Zc:forScope /Zc:inline /Fo"Debug\\" /Fd"Debug\vc143.pdb" /external:W0 /Gd /TP /FC /errorReport:queue CMakeCXXCompilerId.cpp
  CMakeCXXCompilerId.cpp
Link:
  C:\Program Files\Microsoft Visual Studio\2022\Community\VC\Tools\MSVC\14.31.31103\bin\HostX64\x64\link.exe /ERRORREPORT:QUEUE /OUT:".\CompilerIdCXX.exe" /INCREMENTAL:NO /NOLOGO /LIBPATH:"C:\Users\seba2\vcpkg\installed\x64-windows\debug\lib" /LIBPATH:"C:\Users\seba2\vcpkg\installed\x64-windows\debug\lib\manual-link" kernel32.lib user32.lib gdi32.lib winspool.lib comdlg32.lib advapi32.lib shell32.lib ole32.lib oleaut32.lib uuid.lib odbc32.lib odbccp32.lib "C:\Users\seba2\vcpkg\installed\x64-windows\debug\lib\*.lib" /MANIFEST /MANIFESTUAC:"level='asInvoker' uiAccess='false'" /manifest:embed /PDB:".\CompilerIdCXX.pdb" /SUBSYSTEM:CONSOLE /TLBID:1 /DYNAMICBASE /NXCOMPAT /IMPLIB:".\CompilerIdCXX.lib" /MACHINE:X64 Debug\CMakeCXXCompilerId.obj
LINK : fatal error LNK1104: cannot open file 'ucrtd.lib' [C:\Users\seba2\source\repos\Proyecto II\build\CMakeFiles\3.23.0\CompilerIdCXX\CompilerIdCXX.vcxproj]
Done Building Project "C:\Users\seba2\source\repos\Proyecto II\build\CMakeFiles\3.23.0\CompilerIdCXX\CompilerIdCXX.vcxproj" (default targets) -- FAILED.

Build FAILED.

"C:\Users\seba2\source\repos\Proyecto II\build\CMakeFiles\3.23.0\CompilerIdCXX\CompilerIdCXX.vcxproj" (default target) (1) ->
(Link target) -> 
  LINK : fatal error LNK1104: cannot open file 'ucrtd.lib' [C:\Users\seba2\source\repos\Proyecto II\build\CMakeFiles\3.23.0\CompilerIdCXX\CompilerIdCXX.vcxproj]

    0 Warning(s)
    1 Error(s)

Time Elapsed 00:00:00.38


Compiling the C compiler identification source file "CMakeCCompilerId.c" failed.
Compiler:  
Build flags: 
Id flags:  

The output was:
1
Microsoft (R) Build Engine version 17.1.0+ae57d105c for .NET Framework
Copyright (C) Microsoft Corporation. All rights reserved.

Build started 4/4/2022 3:51:01 PM.
Project "C:\Users\seba2\source\repos\Proyecto II\build\CMakeFiles\3.23.0\CompilerIdC\CompilerIdC.vcxproj" on node 1 (default targets).
PrepareForBuild:
  Creating directory "Debug\".
  Creating directory "Debug\CompilerIdC.tlog\".
InitializeBuildStatus:
  Creating "Debug\CompilerIdC.tlog\unsuccessfulbuild" because "AlwaysCreate" was specified.
VcpkgTripletSelection:
  Using triplet "x64-windows" from "C:\Users\seba2\vcpkg\installed\x64-windows\"
ClCompile:
  C:\Program Files\Microsoft Visual Studio\2022\Community\VC\Tools\MSVC\14.31.31103\bin\HostX64\x64\CL.exe /c /I"C:\Users\seba2\vcpkg\installed\x64-windows\include" /nologo /W0 /WX- /diagnostics:column /Od /D _MBCS /Gm- /EHsc /RTC1 /MDd /GS /fp:precise /Zc:wchar_t /Zc:forScope /Zc:inline /Fo"Debug\\" /Fd"Debug\vc143.pdb" /external:W0 /Gd /TC /FC /errorReport:queue CMakeCCompilerId.c
  CMakeCCompilerId.c
Link:
  C:\Program Files\Microsoft Visual Studio\2022\Community\VC\Tools\MSVC\14.31.31103\bin\HostX64\x64\link.exe /ERRORREPORT:QUEUE /OUT:".\CompilerIdC.exe" /INCREMENTAL:NO /NOLOGO /LIBPATH:"C:\Users\seba2\vcpkg\installed\x64-windows\debug\lib" /LIBPATH:"C:\Users\seba2\vcpkg\installed\x64-windows\debug\lib\manual-link" kernel32.lib user32.lib gdi32.lib winspool.lib comdlg32.lib advapi32.lib shell32.lib ole32.lib oleaut32.lib uuid.lib odbc32.lib odbccp32.lib "C:\Users\seba2\vcpkg\installed\x64-windows\debug\lib\*.lib" /MANIFEST /MANIFESTUAC:"level='asInvoker' uiAccess='false'" /manifest:embed /PDB:".\CompilerIdC.pdb" /SUBSYSTEM:CONSOLE /TLBID:1 /DYNAMICBASE /NXCOMPAT /IMPLIB:".\CompilerIdC.lib" /MACHINE:X64 Debug\CMakeCCompilerId.obj
LINK : fatal error LNK1104: cannot open file 'ucrtd.lib' [C:\Users\seba2\source\repos\Proyecto II\build\CMakeFiles\3.23.0\CompilerIdC\CompilerIdC.vcxproj]
Done Building Project "C:\Users\seba2\source\repos\Proyecto II\build\CMakeFiles\3.23.0\CompilerIdC\CompilerIdC.vcxproj" (default targets) -- FAILED.

Build FAILED.

"C:\Users\seba2\source\repos\Proyecto II\build\CMakeFiles\3.23.0\CompilerIdC\CompilerIdC.vcxproj" (default target) (1) ->
(Link target) -> 
  LINK : fatal error LNK1104: cannot open file 'ucrtd.lib' [C:\Users\seba2\source\repos\Proyecto II\build\CMakeFiles\3.23.0\CompilerIdC\CompilerIdC.vcxproj]

    0 Warning(s)
    1 Error(s)

Time Elapsed 00:00:00.41


Compiling the C compiler identification source file "CMakeCCompilerId.c" failed.
Compiler:  
Build flags: 
Id flags:  

The output was:
1
Microsoft (R) Build Engine version 17.1.0+ae57d105c for .NET Framework
Copyright (C) Microsoft Corporation. All rights reserved.

Build started 4/4/2022 3:51:02 PM.
Project "C:\Users\seba2\source\repos\Proyecto II\build\CMakeFiles\3.23.0\CompilerIdC\CompilerIdC.vcxproj" on node 1 (default targets).
PrepareForBuild:
  Creating directory "Debug\".
  Creating directory "Debug\CompilerIdC.tlog\".
InitializeBuildStatus:
  Creating "Debug\CompilerIdC.tlog\unsuccessfulbuild" because "AlwaysCreate" was specified.
VcpkgTripletSelection:
  Using triplet "x64-windows" from "C:\Users\seba2\vcpkg\installed\x64-windows\"
ClCompile:
  C:\Program Files\Microsoft Visual Studio\2022\Community\VC\Tools\MSVC\14.31.31103\bin\HostX64\x64\CL.exe /c /I"C:\Users\seba2\vcpkg\installed\x64-windows\include" /nologo /W0 /WX- /diagnostics:column /Od /D _MBCS /Gm- /EHsc /RTC1 /MDd /GS /fp:precise /Zc:wchar_t /Zc:forScope /Zc:inline /Fo"Debug\\" /Fd"Debug\vc143.pdb" /external:W0 /Gd /TC /FC /errorReport:queue CMakeCCompilerId.c
  CMakeCCompilerId.c
Link:
  C:\Program Files\Microsoft Visual Studio\2022\Community\VC\Tools\MSVC\14.31.31103\bin\HostX64\x64\link.exe /ERRORREPORT:QUEUE /OUT:".\CompilerIdC.exe" /INCREMENTAL:NO /NOLOGO /LIBPATH:"C:\Users\seba2\vcpkg\installed\x64-windows\debug\lib" /LIBPATH:"C:\Users\seba2\vcpkg\installed\x64-windows\debug\lib\manual-link" kernel32.lib user32.lib gdi32.lib winspool.lib comdlg32.lib advapi32.lib shell32.lib ole32.lib oleaut32.lib uuid.lib odbc32.lib odbccp32.lib "C:\Users\seba2\vcpkg\installed\x64-windows\debug\lib\*.lib" /MANIFEST /MANIFESTUAC:"level='asInvoker' uiAccess='false'" /manifest:embed /PDB:".\CompilerIdC.pdb" /SUBSYSTEM:CONSOLE /TLBID:1 /DYNAMICBASE /NXCOMPAT /IMPLIB:".\CompilerIdC.lib" /MACHINE:X64 Debug\CMakeCCompilerId.obj
LINK : fatal error LNK1104: cannot open file 'ucrtd.lib' [C:\Users\seba2\source\repos\Proyecto II\build\CMakeFiles\3.23.0\CompilerIdC\CompilerIdC.vcxproj]
Done Building Project "C:\Users\seba2\source\repos\Proyecto II\build\CMakeFiles\3.23.0\CompilerIdC\CompilerIdC.vcxproj" (default targets) -- FAILED.

Build FAILED.

"C:\Users\seba2\source\repos\Proyecto II\build\CMakeFiles\3.23.0\CompilerIdC\CompilerIdC.vcxproj" (default target) (1) ->
(Link target) -> 
  LINK : fatal error LNK1104: cannot open file 'ucrtd.lib' [C:\Users\seba2\source\repos\Proyecto II\build\CMakeFiles\3.23.0\CompilerIdC\CompilerIdC.vcxproj]

    0 Warning(s)
    1 Error(s)

Time Elapsed 00:00:00.39


Compiling the CXX compiler identification source file "CMakeCXXCompilerId.cpp" failed.
Compiler:  
Build flags: 
Id flags:  

The output was:
1
Microsoft (R) Build Engine version 17.1.0+ae57d105c for .NET Framework
Copyright (C) Microsoft Corporation. All rights reserved.

Build started 4/4/2022 3:51:02 PM.
Project "C:\Users\seba2\source\repos\Proyecto II\build\CMakeFiles\3.23.0\CompilerIdCXX\CompilerIdCXX.vcxproj" on node 1 (default targets).
PrepareForBuild:
  Creating directory "Debug\".
  Creating directory "Debug\CompilerIdCXX.tlog\".
InitializeBuildStatus:
  Creating "Debug\CompilerIdCXX.tlog\unsuccessfulbuild" because "AlwaysCreate" was specified.
VcpkgTripletSelection:
  Using triplet "x64-windows" from "C:\Users\seba2\vcpkg\installed\x64-windows\"
ClCompile:
  C:\Program Files\Microsoft Visual Studio\2022\Community\VC\Tools\MSVC\14.31.31103\bin\HostX64\x64\CL.exe /c /I"C:\Users\seba2\vcpkg\installed\x64-windows\include" /nologo /W0 /WX- /diagnostics:column /Od /D _MBCS /Gm- /EHsc /RTC1 /MDd /GS /fp:precise /Zc:wchar_t /Zc:forScope /Zc:inline /Fo"Debug\\" /Fd"Debug\vc143.pdb" /external:W0 /Gd /TP /FC /errorReport:queue CMakeCXXCompilerId.cpp
  CMakeCXXCompilerId.cpp
Link:
  C:\Program Files\Microsoft Visual Studio\2022\Community\VC\Tools\MSVC\14.31.31103\bin\HostX64\x64\link.exe /ERRORREPORT:QUEUE /OUT:".\CompilerIdCXX.exe" /INCREMENTAL:NO /NOLOGO /LIBPATH:"C:\Users\seba2\vcpkg\installed\x64-windows\debug\lib" /LIBPATH:"C:\Users\seba2\vcpkg\installed\x64-windows\debug\lib\manual-link" kernel32.lib user32.lib gdi32.lib winspool.lib comdlg32.lib advapi32.lib shell32.lib ole32.lib oleaut32.lib uuid.lib odbc32.lib odbccp32.lib "C:\Users\seba2\vcpkg\installed\x64-windows\debug\lib\*.lib" /MANIFEST /MANIFESTUAC:"level='asInvoker' uiAccess='false'" /manifest:embed /PDB:".\CompilerIdCXX.pdb" /SUBSYSTEM:CONSOLE /TLBID:1 /DYNAMICBASE /NXCOMPAT /IMPLIB:".\CompilerIdCXX.lib" /MACHINE:X64 Debug\CMakeCXXCompilerId.obj
LINK : fatal error LNK1104: cannot open file 'ucrtd.lib' [C:\Users\seba2\source\repos\Proyecto II\build\CMakeFiles\3.23.0\CompilerIdCXX\CompilerIdCXX.vcxproj]
Done Building Project "C:\Users\seba2\source\repos\Proyecto II\build\CMakeFiles\3.23.0\CompilerIdCXX\CompilerIdCXX.vcxproj" (default targets) -- FAILED.

Build FAILED.

"C:\Users\seba2\source\repos\Proyecto II\build\CMakeFiles\3.23.0\CompilerIdCXX\CompilerIdCXX.vcxproj" (default target) (1) ->
(Link target) -> 
  LINK : fatal error LNK1104: cannot open file 'ucrtd.lib' [C:\Users\seba2\source\repos\Proyecto II\build\CMakeFiles\3.23.0\CompilerIdCXX\CompilerIdCXX.vcxproj]

    0 Warning(s)
    1 Error(s)

Time Elapsed 00:00:00.39


Compiling the CXX compiler identification source file "CMakeCXXCompilerId.cpp" failed.
Compiler:  
Build flags: 
Id flags:  

The output was:
1
Microsoft (R) Build Engine version 17.1.0+ae57d105c for .NET Framework
Copyright (C) Microsoft Corporation. All rights reserved.

Build started 4/4/2022 3:51:03 PM.
Project "C:\Users\seba2\source\repos\Proyecto II\build\CMakeFiles\3.23.0\CompilerIdCXX\CompilerIdCXX.vcxproj" on node 1 (default targets).
PrepareForBuild:
  Creating directory "Debug\".
  Creating directory "Debug\CompilerIdCXX.tlog\".
InitializeBuildStatus:
  Creating "Debug\CompilerIdCXX.tlog\unsuccessfulbuild" because "AlwaysCreate" was specified.
VcpkgTripletSelection:
  Using triplet "x64-windows" from "C:\Users\seba2\vcpkg\installed\x64-windows\"
ClCompile:
  C:\Program Files\Microsoft Visual Studio\2022\Community\VC\Tools\MSVC\14.31.31103\bin\HostX64\x64\CL.exe /c /I"C:\Users\seba2\vcpkg\installed\x64-windows\include" /nologo /W0 /WX- /diagnostics:column /Od /D _MBCS /Gm- /EHsc /RTC1 /MDd /GS /fp:precise /Zc:wchar_t /Zc:forScope /Zc:inline /Fo"Debug\\" /Fd"Debug\vc143.pdb" /external:W0 /Gd /TP /FC /errorReport:queue CMakeCXXCompilerId.cpp
  CMakeCXXCompilerId.cpp
Link:
  C:\Program Files\Microsoft Visual Studio\2022\Community\VC\Tools\MSVC\14.31.31103\bin\HostX64\x64\link.exe /ERRORREPORT:QUEUE /OUT:".\CompilerIdCXX.exe" /INCREMENTAL:NO /NOLOGO /LIBPATH:"C:\Users\seba2\vcpkg\installed\x64-windows\debug\lib" /LIBPATH:"C:\Users\seba2\vcpkg\installed\x64-windows\debug\lib\manual-link" kernel32.lib user32.lib gdi32.lib winspool.lib comdlg32.lib advapi32.lib shell32.lib ole32.lib oleaut32.lib uuid.lib odbc32.lib odbccp32.lib "C:\Users\seba2\vcpkg\installed\x64-windows\debug\lib\*.lib" /MANIFEST /MANIFESTUAC:"level='asInvoker' uiAccess='false'" /manifest:embed /PDB:".\CompilerIdCXX.pdb" /SUBSYSTEM:CONSOLE /TLBID:1 /DYNAMICBASE /NXCOMPAT /IMPLIB:".\CompilerIdCXX.lib" /MACHINE:X64 Debug\CMakeCXXCompilerId.obj
LINK : fatal error LNK1104: cannot open file 'ucrtd.lib' [C:\Users\seba2\source\repos\Proyecto II\build\CMakeFiles\3.23.0\CompilerIdCXX\CompilerIdCXX.vcxproj]
Done Building Project "C:\Users\seba2\source\repos\Proyecto II\build\CMakeFiles\3.23.0\CompilerIdCXX\CompilerIdCXX.vcxproj" (default targets) -- FAILED.

Build FAILED.

"C:\Users\seba2\source\repos\Proyecto II\build\CMakeFiles\3.23.0\CompilerIdCXX\CompilerIdCXX.vcxproj" (default target) (1) ->
(Link target) -> 
  LINK : fatal error LNK1104: cannot open file 'ucrtd.lib' [C:\Users\seba2\source\repos\Proyecto II\build\CMakeFiles\3.23.0\CompilerIdCXX\CompilerIdCXX.vcxproj]

    0 Warning(s)
    1 Error(s)

Time Elapsed 00:00:00.39


Compiling the C compiler identification source file "CMakeCCompilerId.c" failed.
Compiler:  
Build flags: 
Id flags:  

The output was:
1
Microsoft (R) Build Engine version 17.1.0+ae57d105c for .NET Framework
Copyright (C) Microsoft Corporation. All rights reserved.

Build started 4/4/2022 3:56:56 PM.
Project "C:\Users\seba2\source\repos\Proyecto II\build\CMakeFiles\3.23.0\CompilerIdC\CompilerIdC.vcxproj" on node 1 (default targets).
PrepareForBuild:
  Creating directory "Debug\".
  Creating directory "Debug\CompilerIdC.tlog\".
InitializeBuildStatus:
  Creating "Debug\CompilerIdC.tlog\unsuccessfulbuild" because "AlwaysCreate" was specified.
VcpkgTripletSelection:
  Using triplet "x64-windows" from "C:\Users\seba2\vcpkg\installed\x64-windows\"
ClCompile:
  C:\Program Files\Microsoft Visual Studio\2022\Community\VC\Tools\MSVC\14.31.31103\bin\HostX64\x64\CL.exe /c /I"C:\Users\seba2\vcpkg\installed\x64-windows\include" /nologo /W0 /WX- /diagnostics:column /Od /D _MBCS /Gm- /EHsc /RTC1 /MDd /GS /fp:precise /Zc:wchar_t /Zc:forScope /Zc:inline /Fo"Debug\\" /Fd"Debug\vc143.pdb" /external:W0 /Gd /TC /FC /errorReport:queue CMakeCCompilerId.c
  CMakeCCompilerId.c
Link:
  C:\Program Files\Microsoft Visual Studio\2022\Community\VC\Tools\MSVC\14.31.31103\bin\HostX64\x64\link.exe /ERRORREPORT:QUEUE /OUT:".\CompilerIdC.exe" /INCREMENTAL:NO /NOLOGO /LIBPATH:"C:\Users\seba2\vcpkg\installed\x64-windows\debug\lib" /LIBPATH:"C:\Users\seba2\vcpkg\installed\x64-windows\debug\lib\manual-link" kernel32.lib user32.lib gdi32.lib winspool.lib comdlg32.lib advapi32.lib shell32.lib ole32.lib oleaut32.lib uuid.lib odbc32.lib odbccp32.lib "C:\Users\seba2\vcpkg\installed\x64-windows\debug\lib\*.lib" /MANIFEST /MANIFESTUAC:"level='asInvoker' uiAccess='false'" /manifest:embed /PDB:".\CompilerIdC.pdb" /SUBSYSTEM:CONSOLE /TLBID:1 /DYNAMICBASE /NXCOMPAT /IMPLIB:".\CompilerIdC.lib" /MACHINE:X64 Debug\CMakeCCompilerId.obj
LINK : fatal error LNK1104: cannot open file 'ucrtd.lib' [C:\Users\seba2\source\repos\Proyecto II\build\CMakeFiles\3.23.0\CompilerIdC\CompilerIdC.vcxproj]
Done Building Project "C:\Users\seba2\source\repos\Proyecto II\build\CMakeFiles\3.23.0\CompilerIdC\CompilerIdC.vcxproj" (default targets) -- FAILED.

Build FAILED.

"C:\Users\seba2\source\repos\Proyecto II\build\CMakeFiles\3.23.0\CompilerIdC\CompilerIdC.vcxproj" (default target) (1) ->
(Link target) -> 
  LINK : fatal error LNK1104: cannot open file 'ucrtd.lib' [C:\Users\seba2\source\repos\Proyecto II\build\CMakeFiles\3.23.0\CompilerIdC\CompilerIdC.vcxproj]

    0 Warning(s)
    1 Error(s)

Time Elapsed 00:00:00.63


Compiling the C compiler identification source file "CMakeCCompilerId.c" failed.
Compiler:  
Build flags: 
Id flags:  

The output was:
1
Microsoft (R) Build Engine version 17.1.0+ae57d105c for .NET Framework
Copyright (C) Microsoft Corporation. All rights reserved.

Build started 4/4/2022 3:56:57 PM.
Project "C:\Users\seba2\source\repos\Proyecto II\build\CMakeFiles\3.23.0\CompilerIdC\CompilerIdC.vcxproj" on node 1 (default targets).
PrepareForBuild:
  Creating directory "Debug\".
  Creating directory "Debug\CompilerIdC.tlog\".
InitializeBuildStatus:
  Creating "Debug\CompilerIdC.tlog\unsuccessfulbuild" because "AlwaysCreate" was specified.
VcpkgTripletSelection:
  Using triplet "x64-windows" from "C:\Users\seba2\vcpkg\installed\x64-windows\"
ClCompile:
  C:\Program Files\Microsoft Visual Studio\2022\Community\VC\Tools\MSVC\14.31.31103\bin\HostX64\x64\CL.exe /c /I"C:\Users\seba2\vcpkg\installed\x64-windows\include" /nologo /W0 /WX- /diagnostics:column /Od /D _MBCS /Gm- /EHsc /RTC1 /MDd /GS /fp:precise /Zc:wchar_t /Zc:forScope /Zc:inline /Fo"Debug\\" /Fd"Debug\vc143.pdb" /external:W0 /Gd /TC /FC /errorReport:queue CMakeCCompilerId.c
  CMakeCCompilerId.c
Link:
  C:\Program Files\Microsoft Visual Studio\2022\Community\VC\Tools\MSVC\14.31.31103\bin\HostX64\x64\link.exe /ERRORREPORT:QUEUE /OUT:".\CompilerIdC.exe" /INCREMENTAL:NO /NOLOGO /LIBPATH:"C:\Users\seba2\vcpkg\installed\x64-windows\debug\lib" /LIBPATH:"C:\Users\seba2\vcpkg\installed\x64-windows\debug\lib\manual-link" kernel32.lib user32.lib gdi32.lib winspool.lib comdlg32.lib advapi32.lib shell32.lib ole32.lib oleaut32.lib uuid.lib odbc32.lib odbccp32.lib "C:\Users\seba2\vcpkg\installed\x64-windows\debug\lib\*.lib" /MANIFEST /MANIFESTUAC:"level='asInvoker' uiAccess='false'" /manifest:embed /PDB:".\CompilerIdC.pdb" /SUBSYSTEM:CONSOLE /TLBID:1 /DYNAMICBASE /NXCOMPAT /IMPLIB:".\CompilerIdC.lib" /MACHINE:X64 Debug\CMakeCCompilerId.obj
LINK : fatal error LNK1104: cannot open file 'ucrtd.lib' [C:\Users\seba2\source\repos\Proyecto II\build\CMakeFiles\3.23.0\CompilerIdC\CompilerIdC.vcxproj]
Done Building Project "C:\Users\seba2\source\repos\Proyecto II\build\CMakeFiles\3.23.0\CompilerIdC\CompilerIdC.vcxproj" (default targets) -- FAILED.

Build FAILED.

"C:\Users\seba2\source\repos\Proyecto II\build\CMakeFiles\3.23.0\CompilerIdC\CompilerIdC.vcxproj" (default target) (1) ->
(Link target) -> 
  LINK : fatal error LNK1104: cannot open file 'ucrtd.lib' [C:\Users\seba2\source\repos\Proyecto II\build\CMakeFiles\3.23.0\CompilerIdC\CompilerIdC.vcxproj]

    0 Warning(s)
    1 Error(s)

Time Elapsed 00:00:00.40


Compiling the CXX compiler identification source file "CMakeCXXCompilerId.cpp" failed.
Compiler:  
Build flags: 
Id flags:  

The output was:
1
Microsoft (R) Build Engine version 17.1.0+ae57d105c for .NET Framework
Copyright (C) Microsoft Corporation. All rights reserved.

Build started 4/4/2022 3:56:58 PM.
Project "C:\Users\seba2\source\repos\Proyecto II\build\CMakeFiles\3.23.0\CompilerIdCXX\CompilerIdCXX.vcxproj" on node 1 (default targets).
PrepareForBuild:
  Creating directory "Debug\".
  Creating directory "Debug\CompilerIdCXX.tlog\".
InitializeBuildStatus:
  Creating "Debug\CompilerIdCXX.tlog\unsuccessfulbuild" because "AlwaysCreate" was specified.
VcpkgTripletSelection:
  Using triplet "x64-windows" from "C:\Users\seba2\vcpkg\installed\x64-windows\"
ClCompile:
  C:\Program Files\Microsoft Visual Studio\2022\Community\VC\Tools\MSVC\14.31.31103\bin\HostX64\x64\CL.exe /c /I"C:\Users\seba2\vcpkg\installed\x64-windows\include" /nologo /W0 /WX- /diagnostics:column /Od /D _MBCS /Gm- /EHsc /RTC1 /MDd /GS /fp:precise /Zc:wchar_t /Zc:forScope /Zc:inline /Fo"Debug\\" /Fd"Debug\vc143.pdb" /external:W0 /Gd /TP /FC /errorReport:queue CMakeCXXCompilerId.cpp
  CMakeCXXCompilerId.cpp
Link:
  C:\Program Files\Microsoft Visual Studio\2022\Community\VC\Tools\MSVC\14.31.31103\bin\HostX64\x64\link.exe /ERRORREPORT:QUEUE /OUT:".\CompilerIdCXX.exe" /INCREMENTAL:NO /NOLOGO /LIBPATH:"C:\Users\seba2\vcpkg\installed\x64-windows\debug\lib" /LIBPATH:"C:\Users\seba2\vcpkg\installed\x64-windows\debug\lib\manual-link" kernel32.lib user32.lib gdi32.lib winspool.lib comdlg32.lib advapi32.lib shell32.lib ole32.lib oleaut32.lib uuid.lib odbc32.lib odbccp32.lib "C:\Users\seba2\vcpkg\installed\x64-windows\debug\lib\*.lib" /MANIFEST /MANIFESTUAC:"level='asInvoker' uiAccess='false'" /manifest:embed /PDB:".\CompilerIdCXX.pdb" /SUBSYSTEM:CONSOLE /TLBID:1 /DYNAMICBASE /NXCOMPAT /IMPLIB:".\CompilerIdCXX.lib" /MACHINE:X64 Debug\CMakeCXXCompilerId.obj
LINK : fatal error LNK1104: cannot open file 'ucrtd.lib' [C:\Users\seba2\source\repos\Proyecto II\build\CMakeFiles\3.23.0\CompilerIdCXX\CompilerIdCXX.vcxproj]
Done Building Project "C:\Users\seba2\source\repos\Proyecto II\build\CMakeFiles\3.23.0\CompilerIdCXX\CompilerIdCXX.vcxproj" (default targets) -- FAILED.

Build FAILED.

"C:\Users\seba2\source\repos\Proyecto II\build\CMakeFiles\3.23.0\CompilerIdCXX\CompilerIdCXX.vcxproj" (default target) (1) ->
(Link target) -> 
  LINK : fatal error LNK1104: cannot open file 'ucrtd.lib' [C:\Users\seba2\source\repos\Proyecto II\build\CMakeFiles\3.23.0\CompilerIdCXX\CompilerIdCXX.vcxproj]

    0 Warning(s)
    1 Error(s)

Time Elapsed 00:00:00.42


Compiling the CXX compiler identification source file "CMakeCXXCompilerId.cpp" failed.
Compiler:  
Build flags: 
Id flags:  

The output was:
1
Microsoft (R) Build Engine version 17.1.0+ae57d105c for .NET Framework
Copyright (C) Microsoft Corporation. All rights reserved.

Build started 4/4/2022 3:56:58 PM.
Project "C:\Users\seba2\source\repos\Proyecto II\build\CMakeFiles\3.23.0\CompilerIdCXX\CompilerIdCXX.vcxproj" on node 1 (default targets).
PrepareForBuild:
  Creating directory "Debug\".
  Creating directory "Debug\CompilerIdCXX.tlog\".
InitializeBuildStatus:
  Creating "Debug\CompilerIdCXX.tlog\unsuccessfulbuild" because "AlwaysCreate" was specified.
VcpkgTripletSelection:
  Using triplet "x64-windows" from "C:\Users\seba2\vcpkg\installed\x64-windows\"
ClCompile:
  C:\Program Files\Microsoft Visual Studio\2022\Community\VC\Tools\MSVC\14.31.31103\bin\HostX64\x64\CL.exe /c /I"C:\Users\seba2\vcpkg\installed\x64-windows\include" /nologo /W0 /WX- /diagnostics:column /Od /D _MBCS /Gm- /EHsc /RTC1 /MDd /GS /fp:precise /Zc:wchar_t /Zc:forScope /Zc:inline /Fo"Debug\\" /Fd"Debug\vc143.pdb" /external:W0 /Gd /TP /FC /errorReport:queue CMakeCXXCompilerId.cpp
  CMakeCXXCompilerId.cpp
Link:
  C:\Program Files\Microsoft Visual Studio\2022\Community\VC\Tools\MSVC\14.31.31103\bin\HostX64\x64\link.exe /ERRORREPORT:QUEUE /OUT:".\CompilerIdCXX.exe" /INCREMENTAL:NO /NOLOGO /LIBPATH:"C:\Users\seba2\vcpkg\installed\x64-windows\debug\lib" /LIBPATH:"C:\Users\seba2\vcpkg\installed\x64-windows\debug\lib\manual-link" kernel32.lib user32.lib gdi32.lib winspool.lib comdlg32.lib advapi32.lib shell32.lib ole32.lib oleaut32.lib uuid.lib odbc32.lib odbccp32.lib "C:\Users\seba2\vcpkg\installed\x64-windows\debug\lib\*.lib" /MANIFEST /MANIFESTUAC:"level='asInvoker' uiAccess='false'" /manifest:embed /PDB:".\CompilerIdCXX.pdb" /SUBSYSTEM:CONSOLE /TLBID:1 /DYNAMICBASE /NXCOMPAT /IMPLIB:".\CompilerIdCXX.lib" /MACHINE:X64 Debug\CMakeCXXCompilerId.obj
LINK : fatal error LNK1104: cannot open file 'ucrtd.lib' [C:\Users\seba2\source\repos\Proyecto II\build\CMakeFiles\3.23.0\CompilerIdCXX\CompilerIdCXX.vcxproj]
Done Building Project "C:\Users\seba2\source\repos\Proyecto II\build\CMakeFiles\3.23.0\CompilerIdCXX\CompilerIdCXX.vcxproj" (default targets) -- FAILED.

Build FAILED.

"C:\Users\seba2\source\repos\Proyecto II\build\CMakeFiles\3.23.0\CompilerIdCXX\CompilerIdCXX.vcxproj" (default target) (1) ->
(Link target) -> 
  LINK : fatal error LNK1104: cannot open file 'ucrtd.lib' [C:\Users\seba2\source\repos\Proyecto II\build\CMakeFiles\3.23.0\CompilerIdCXX\CompilerIdCXX.vcxproj]

    0 Warning(s)
    1 Error(s)

Time Elapsed 00:00:00.39


Compiling the C compiler identification source file "CMakeCCompilerId.c" failed.
Compiler:  
Build flags: 
Id flags:  

The output was:
1
Microsoft (R) Build Engine version 17.1.0+ae57d105c for .NET Framework
Copyright (C) Microsoft Corporation. All rights reserved.

Build started 4/4/2022 4:05:01 PM.
Project "C:\Users\seba2\source\repos\Proyecto II\build\CMakeFiles\3.23.0\CompilerIdC\CompilerIdC.vcxproj" on node 1 (default targets).
PrepareForBuild:
  Creating directory "Debug\".
  Creating directory "Debug\CompilerIdC.tlog\".
InitializeBuildStatus:
  Creating "Debug\CompilerIdC.tlog\unsuccessfulbuild" because "AlwaysCreate" was specified.
VcpkgTripletSelection:
  Using triplet "x64-windows" from "C:\Users\seba2\vcpkg\installed\x64-windows\"
ClCompile:
  C:\Program Files\Microsoft Visual Studio\2022\Community\VC\Tools\MSVC\14.31.31103\bin\HostX64\x64\CL.exe /c /I"C:\Users\seba2\vcpkg\installed\x64-windows\include" /nologo /W0 /WX- /diagnostics:column /Od /D _MBCS /Gm- /EHsc /RTC1 /MDd /GS /fp:precise /Zc:wchar_t /Zc:forScope /Zc:inline /Fo"Debug\\" /Fd"Debug\vc143.pdb" /external:W0 /Gd /TC /FC /errorReport:queue CMakeCCompilerId.c
  CMakeCCompilerId.c
Link:
  C:\Program Files\Microsoft Visual Studio\2022\Community\VC\Tools\MSVC\14.31.31103\bin\HostX64\x64\link.exe /ERRORREPORT:QUEUE /OUT:".\CompilerIdC.exe" /INCREMENTAL:NO /NOLOGO /LIBPATH:"C:\Users\seba2\vcpkg\installed\x64-windows\debug\lib" /LIBPATH:"C:\Users\seba2\vcpkg\installed\x64-windows\debug\lib\manual-link" kernel32.lib user32.lib gdi32.lib winspool.lib comdlg32.lib advapi32.lib shell32.lib ole32.lib oleaut32.lib uuid.lib odbc32.lib odbccp32.lib "C:\Users\seba2\vcpkg\installed\x64-windows\debug\lib\*.lib" /MANIFEST /MANIFESTUAC:"level='asInvoker' uiAccess='false'" /manifest:embed /PDB:".\CompilerIdC.pdb" /SUBSYSTEM:CONSOLE /TLBID:1 /DYNAMICBASE /NXCOMPAT /IMPLIB:".\CompilerIdC.lib" /MACHINE:X64 Debug\CMakeCCompilerId.obj
LINK : fatal error LNK1104: cannot open file 'ucrtd.lib' [C:\Users\seba2\source\repos\Proyecto II\build\CMakeFiles\3.23.0\CompilerIdC\CompilerIdC.vcxproj]
Done Building Project "C:\Users\seba2\source\repos\Proyecto II\build\CMakeFiles\3.23.0\CompilerIdC\CompilerIdC.vcxproj" (default targets) -- FAILED.

Build FAILED.

"C:\Users\seba2\source\repos\Proyecto II\build\CMakeFiles\3.23.0\CompilerIdC\CompilerIdC.vcxproj" (default target) (1) ->
(Link target) -> 
  LINK : fatal error LNK1104: cannot open file 'ucrtd.lib' [C:\Users\seba2\source\repos\Proyecto II\build\CMakeFiles\3.23.0\CompilerIdC\CompilerIdC.vcxproj]

    0 Warning(s)
    1 Error(s)

Time Elapsed 00:00:00.55


Compiling the C compiler identification source file "CMakeCCompilerId.c" failed.
Compiler:  
Build flags: 
Id flags:  

The output was:
1
Microsoft (R) Build Engine version 17.1.0+ae57d105c for .NET Framework
Copyright (C) Microsoft Corporation. All rights reserved.

Build started 4/4/2022 4:05:02 PM.
Project "C:\Users\seba2\source\repos\Proyecto II\build\CMakeFiles\3.23.0\CompilerIdC\CompilerIdC.vcxproj" on node 1 (default targets).
PrepareForBuild:
  Creating directory "Debug\".
  Creating directory "Debug\CompilerIdC.tlog\".
InitializeBuildStatus:
  Creating "Debug\CompilerIdC.tlog\unsuccessfulbuild" because "AlwaysCreate" was specified.
VcpkgTripletSelection:
  Using triplet "x64-windows" from "C:\Users\seba2\vcpkg\installed\x64-windows\"
ClCompile:
  C:\Program Files\Microsoft Visual Studio\2022\Community\VC\Tools\MSVC\14.31.31103\bin\HostX64\x64\CL.exe /c /I"C:\Users\seba2\vcpkg\installed\x64-windows\include" /nologo /W0 /WX- /diagnostics:column /Od /D _MBCS /Gm- /EHsc /RTC1 /MDd /GS /fp:precise /Zc:wchar_t /Zc:forScope /Zc:inline /Fo"Debug\\" /Fd"Debug\vc143.pdb" /external:W0 /Gd /TC /FC /errorReport:queue CMakeCCompilerId.c
  CMakeCCompilerId.c
Link:
  C:\Program Files\Microsoft Visual Studio\2022\Community\VC\Tools\MSVC\14.31.31103\bin\HostX64\x64\link.exe /ERRORREPORT:QUEUE /OUT:".\CompilerIdC.exe" /INCREMENTAL:NO /NOLOGO /LIBPATH:"C:\Users\seba2\vcpkg\installed\x64-windows\debug\lib" /LIBPATH:"C:\Users\seba2\vcpkg\installed\x64-windows\debug\lib\manual-link" kernel32.lib user32.lib gdi32.lib winspool.lib comdlg32.lib advapi32.lib shell32.lib ole32.lib oleaut32.lib uuid.lib odbc32.lib odbccp32.lib "C:\Users\seba2\vcpkg\installed\x64-windows\debug\lib\*.lib" /MANIFEST /MANIFESTUAC:"level='asInvoker' uiAccess='false'" /manifest:embed /PDB:".\CompilerIdC.pdb" /SUBSYSTEM:CONSOLE /TLBID:1 /DYNAMICBASE /NXCOMPAT /IMPLIB:".\CompilerIdC.lib" /MACHINE:X64 Debug\CMakeCCompilerId.obj
LINK : fatal error LNK1104: cannot open file 'ucrtd.lib' [C:\Users\seba2\source\repos\Proyecto II\build\CMakeFiles\3.23.0\CompilerIdC\CompilerIdC.vcxproj]
Done Building Project "C:\Users\seba2\source\repos\Proyecto II\build\CMakeFiles\3.23.0\CompilerIdC\CompilerIdC.vcxproj" (default targets) -- FAILED.

Build FAILED.

"C:\Users\seba2\source\repos\Proyecto II\build\CMakeFiles\3.23.0\CompilerIdC\CompilerIdC.vcxproj" (default target) (1) ->
(Link target) -> 
  LINK : fatal error LNK1104: cannot open file 'ucrtd.lib' [C:\Users\seba2\source\repos\Proyecto II\build\CMakeFiles\3.23.0\CompilerIdC\CompilerIdC.vcxproj]

    0 Warning(s)
    1 Error(s)

Time Elapsed 00:00:00.38


Compiling the CXX compiler identification source file "CMakeCXXCompilerId.cpp" failed.
Compiler:  
Build flags: 
Id flags:  

The output was:
1
Microsoft (R) Build Engine version 17.1.0+ae57d105c for .NET Framework
Copyright (C) Microsoft Corporation. All rights reserved.

Build started 4/4/2022 4:05:02 PM.
Project "C:\Users\seba2\source\repos\Proyecto II\build\CMakeFiles\3.23.0\CompilerIdCXX\CompilerIdCXX.vcxproj" on node 1 (default targets).
PrepareForBuild:
  Creating directory "Debug\".
  Creating directory "Debug\CompilerIdCXX.tlog\".
InitializeBuildStatus:
  Creating "Debug\CompilerIdCXX.tlog\unsuccessfulbuild" because "AlwaysCreate" was specified.
VcpkgTripletSelection:
  Using triplet "x64-windows" from "C:\Users\seba2\vcpkg\installed\x64-windows\"
ClCompile:
  C:\Program Files\Microsoft Visual Studio\2022\Community\VC\Tools\MSVC\14.31.31103\bin\HostX64\x64\CL.exe /c /I"C:\Users\seba2\vcpkg\installed\x64-windows\include" /nologo /W0 /WX- /diagnostics:column /Od /D _MBCS /Gm- /EHsc /RTC1 /MDd /GS /fp:precise /Zc:wchar_t /Zc:forScope /Zc:inline /Fo"Debug\\" /Fd"Debug\vc143.pdb" /external:W0 /Gd /TP /FC /errorReport:queue CMakeCXXCompilerId.cpp
  CMakeCXXCompilerId.cpp
Link:
  C:\Program Files\Microsoft Visual Studio\2022\Community\VC\Tools\MSVC\14.31.31103\bin\HostX64\x64\link.exe /ERRORREPORT:QUEUE /OUT:".\CompilerIdCXX.exe" /INCREMENTAL:NO /NOLOGO /LIBPATH:"C:\Users\seba2\vcpkg\installed\x64-windows\debug\lib" /LIBPATH:"C:\Users\seba2\vcpkg\installed\x64-windows\debug\lib\manual-link" kernel32.lib user32.lib gdi32.lib winspool.lib comdlg32.lib advapi32.lib shell32.lib ole32.lib oleaut32.lib uuid.lib odbc32.lib odbccp32.lib "C:\Users\seba2\vcpkg\installed\x64-windows\debug\lib\*.lib" /MANIFEST /MANIFESTUAC:"level='asInvoker' uiAccess='false'" /manifest:embed /PDB:".\CompilerIdCXX.pdb" /SUBSYSTEM:CONSOLE /TLBID:1 /DYNAMICBASE /NXCOMPAT /IMPLIB:".\CompilerIdCXX.lib" /MACHINE:X64 Debug\CMakeCXXCompilerId.obj
LINK : fatal error LNK1104: cannot open file 'ucrtd.lib' [C:\Users\seba2\source\repos\Proyecto II\build\CMakeFiles\3.23.0\CompilerIdCXX\CompilerIdCXX.vcxproj]
Done Building Project "C:\Users\seba2\source\repos\Proyecto II\build\CMakeFiles\3.23.0\CompilerIdCXX\CompilerIdCXX.vcxproj" (default targets) -- FAILED.

Build FAILED.

"C:\Users\seba2\source\repos\Proyecto II\build\CMakeFiles\3.23.0\CompilerIdCXX\CompilerIdCXX.vcxproj" (default target) (1) ->
(Link target) -> 
  LINK : fatal error LNK1104: cannot open file 'ucrtd.lib' [C:\Users\seba2\source\repos\Proyecto II\build\CMakeFiles\3.23.0\CompilerIdCXX\CompilerIdCXX.vcxproj]

    0 Warning(s)
    1 Error(s)

Time Elapsed 00:00:00.39


Compiling the CXX compiler identification source file "CMakeCXXCompilerId.cpp" failed.
Compiler:  
Build flags: 
Id flags:  

The output was:
1
Microsoft (R) Build Engine version 17.1.0+ae57d105c for .NET Framework
Copyright (C) Microsoft Corporation. All rights reserved.

Build started 4/4/2022 4:05:03 PM.
Project "C:\Users\seba2\source\repos\Proyecto II\build\CMakeFiles\3.23.0\CompilerIdCXX\CompilerIdCXX.vcxproj" on node 1 (default targets).
PrepareForBuild:
  Creating directory "Debug\".
  Creating directory "Debug\CompilerIdCXX.tlog\".
InitializeBuildStatus:
  Creating "Debug\CompilerIdCXX.tlog\unsuccessfulbuild" because "AlwaysCreate" was specified.
VcpkgTripletSelection:
  Using triplet "x64-windows" from "C:\Users\seba2\vcpkg\installed\x64-windows\"
ClCompile:
  C:\Program Files\Microsoft Visual Studio\2022\Community\VC\Tools\MSVC\14.31.31103\bin\HostX64\x64\CL.exe /c /I"C:\Users\seba2\vcpkg\installed\x64-windows\include" /nologo /W0 /WX- /diagnostics:column /Od /D _MBCS /Gm- /EHsc /RTC1 /MDd /GS /fp:precise /Zc:wchar_t /Zc:forScope /Zc:inline /Fo"Debug\\" /Fd"Debug\vc143.pdb" /external:W0 /Gd /TP /FC /errorReport:queue CMakeCXXCompilerId.cpp
  CMakeCXXCompilerId.cpp
Link:
  C:\Program Files\Microsoft Visual Studio\2022\Community\VC\Tools\MSVC\14.31.31103\bin\HostX64\x64\link.exe /ERRORREPORT:QUEUE /OUT:".\CompilerIdCXX.exe" /INCREMENTAL:NO /NOLOGO /LIBPATH:"C:\Users\seba2\vcpkg\installed\x64-windows\debug\lib" /LIBPATH:"C:\Users\seba2\vcpkg\installed\x64-windows\debug\lib\manual-link" kernel32.lib user32.lib gdi32.lib winspool.lib comdlg32.lib advapi32.lib shell32.lib ole32.lib oleaut32.lib uuid.lib odbc32.lib odbccp32.lib "C:\Users\seba2\vcpkg\installed\x64-windows\debug\lib\*.lib" /MANIFEST /MANIFESTUAC:"level='asInvoker' uiAccess='false'" /manifest:embed /PDB:".\CompilerIdCXX.pdb" /SUBSYSTEM:CONSOLE /TLBID:1 /DYNAMICBASE /NXCOMPAT /IMPLIB:".\CompilerIdCXX.lib" /MACHINE:X64 Debug\CMakeCXXCompilerId.obj
LINK : fatal error LNK1104: cannot open file 'ucrtd.lib' [C:\Users\seba2\source\repos\Proyecto II\build\CMakeFiles\3.23.0\CompilerIdCXX\CompilerIdCXX.vcxproj]
Done Building Project "C:\Users\seba2\source\repos\Proyecto II\build\CMakeFiles\3.23.0\CompilerIdCXX\CompilerIdCXX.vcxproj" (default targets) -- FAILED.

Build FAILED.

"C:\Users\seba2\source\repos\Proyecto II\build\CMakeFiles\3.23.0\CompilerIdCXX\CompilerIdCXX.vcxproj" (default target) (1) ->
(Link target) -> 
  LINK : fatal error LNK1104: cannot open file 'ucrtd.lib' [C:\Users\seba2\source\repos\Proyecto II\build\CMakeFiles\3.23.0\CompilerIdCXX\CompilerIdCXX.vcxproj]

    0 Warning(s)
    1 Error(s)

Time Elapsed 00:00:00.39


